Log file open, 12/11/18 09:52:32
LogWindows: Failed to load 'aqProf.dll' (GetLastError=126)
LogWindows: File 'aqProf.dll' does not exist
LogWindows: Failed to load 'VtuneApi.dll' (GetLastError=126)
LogWindows: File 'VtuneApi.dll' does not exist
LogWindows: Failed to load 'VtuneApi32e.dll' (GetLastError=126)
LogWindows: File 'VtuneApi32e.dll' does not exist
LogConsoleResponse: Display: Failed to find resolution value strings in scalability ini. Falling back to default.
LogInit: Display: Running engine for game: Deathmatch
LogPakFile: Registered encryption key '00000000000000000000000000000000': 0 pak files mounted, 0 remain pending
LogPlatformFile: Not using cached read wrapper
LogTaskGraph: Started task graph with 5 named threads and 23 total threads with 3 sets of task threads.
LogStats: Stats thread started at 0.263144
LogD3D11RHI: Loaded GFSDK_Aftermath_Lib.x64.dll
LogICUInternationalization: ICU TimeZone Detection - Raw Offset: -8:00, Platform Override: ''
LogPluginManager: Mounting plugin Paper2D
LogPluginManager: Mounting plugin AISupport
LogPluginManager: Mounting plugin LightPropagationVolume
LogPluginManager: Mounting plugin ActorLayerUtilities
LogPluginManager: Mounting plugin CLionSourceCodeAccess
LogPluginManager: Mounting plugin CodeLiteSourceCodeAccess
LogPluginManager: Mounting plugin GitSourceControl
LogPluginManager: Mounting plugin KDevelopSourceCodeAccess
LogPluginManager: Mounting plugin NullSourceCodeAccess
LogPluginManager: Mounting plugin PerforceSourceControl
LogPluginManager: Mounting plugin SubversionSourceControl
LogPluginManager: Mounting plugin UObjectPlugin
LogPluginManager: Mounting plugin VisualStudioCodeSourceCodeAccess
LogPluginManager: Mounting plugin VisualStudioSourceCodeAccess
LogPluginManager: Mounting plugin XCodeSourceCodeAccess
LogPluginManager: Mounting plugin AssetManagerEditor
LogPluginManager: Mounting plugin CryptoKeys
LogPluginManager: Mounting plugin DataValidation
LogPluginManager: Mounting plugin FacialAnimation
LogPluginManager: Mounting plugin GameplayTagsEditor
LogPluginManager: Mounting plugin MacGraphicsSwitching
LogPluginManager: Mounting plugin MeshEditor
LogPluginManager: Mounting plugin MobileLauncherProfileWizard
LogPluginManager: Mounting plugin PluginBrowser
LogPluginManager: Mounting plugin SpeedTreeImporter
LogPluginManager: Mounting plugin DatasmithContent
LogPluginManager: Mounting plugin VariantManagerContent
LogPluginManager: Mounting plugin AlembicImporter
LogPluginManager: Mounting plugin AppleImageUtils
LogPluginManager: Mounting plugin AppleVision
LogPluginManager: Mounting plugin BackChannel
LogPluginManager: Mounting plugin CharacterAI
LogPluginManager: Mounting plugin GeometryCache
LogPluginManager: Mounting plugin HTML5Networking
LogPluginManager: Mounting plugin ProxyLODPlugin
LogPluginManager: Mounting plugin MagicLeap
LogPluginManager: Mounting plugin MagicLeapMedia
LogPluginManager: Mounting plugin AndroidMedia
LogPluginManager: Mounting plugin AvfMedia
LogPluginManager: Mounting plugin ImgMedia
LogPluginManager: Mounting plugin LinearTimecode
LogPluginManager: Mounting plugin MediaCompositing
LogPluginManager: Mounting plugin MediaPlayerEditor
LogPluginManager: Mounting plugin WebMMedia
LogPluginManager: Mounting plugin WmfMedia
LogPluginManager: Mounting plugin TcpMessaging
LogPluginManager: Mounting plugin UdpMessaging
LogPluginManager: Mounting plugin ActorSequence
LogPluginManager: Mounting plugin LevelSequenceEditor
LogPluginManager: Mounting plugin MatineeToLevelSequence
LogPluginManager: Mounting plugin NetcodeUnitTest
LogPluginManager: Mounting plugin NUTUnrealEngine4
LogPluginManager: Mounting plugin OnlineSubsystemGooglePlay
LogPluginManager: Mounting plugin OnlineSubsystemIOS
LogPluginManager: Mounting plugin OnlineSubsystem
LogPluginManager: Mounting plugin OnlineSubsystemNull
LogPluginManager: Mounting plugin OnlineSubsystemUtils
LogPluginManager: Mounting plugin LauncherChunkInstaller
LogPluginManager: Mounting plugin AndroidDeviceProfileSelector
LogPluginManager: Mounting plugin AndroidMoviePlayer
LogPluginManager: Mounting plugin AndroidPermission
LogPluginManager: Mounting plugin AppleMoviePlayer
LogPluginManager: Mounting plugin ArchVisCharacter
LogPluginManager: Mounting plugin AudioCapture
LogPluginManager: Mounting plugin CableComponent
LogPluginManager: Mounting plugin CustomMeshComponent
LogPluginManager: Mounting plugin EditableMesh
LogPluginManager: Mounting plugin ExampleDeviceProfileSelector
LogPluginManager: Mounting plugin Firebase
LogPluginManager: Mounting plugin GoogleCloudMessaging
LogPluginManager: Mounting plugin IOSDeviceProfileSelector
LogPluginManager: Mounting plugin LinuxDeviceProfileSelector
LogPluginManager: Mounting plugin LocationServicesBPLibrary
LogPluginManager: Mounting plugin MobilePatchingUtils
LogPluginManager: Mounting plugin OculusVR
LogPluginManager: Mounting plugin PhysXVehicles
LogPluginManager: Mounting plugin ProceduralMeshComponent
LogPluginManager: Mounting plugin RuntimePhysXCooking
LogPluginManager: Mounting plugin SteamVR
LogPluginManager: Mounting plugin WebMMoviePlayer
LogPluginManager: Mounting plugin WindowsMoviePlayer
LogStreaming: Display: Took  0.049s to configure plugins.
LogInit: Warning: Incompatible or missing module: Deathmatch
Running E:/Epic Games/UE_4.21/Engine/Binaries/DotNET/UnrealBuildTool.exe Development Win64 -Project="E:/Game/Unreal Projects/Semester1Project/Deathmatch/Deathmatch.uproject" -TargetType=Editor -Progress -NoHotReloadFromIDE
Performing full C++ include scan (building a new target)
Using 'git status' to determine working set for adaptive non-unity build (E:\Game\Unreal Projects\Semester1Project).
Creating makefile for DeathmatchEditor (no existing makefile)
Using Visual Studio 2017 14.16.27023 toolchain (C:\Program Files (x86)\Microsoft Visual Studio\2017\Community\VC\Tools\MSVC\14.16.27023) and Windows 10.0.17763.0 SDK (C:\Program Files (x86)\Windows Kits\10).
@progress push 5%
Parsing headers for DeathmatchEditor
  Running UnrealHeaderTool "E:\Game\Unreal Projects\Semester1Project\Deathmatch\Deathmatch.uproject" "E:\Game\Unreal Projects\Semester1Project\Deathmatch\Intermediate\Build\Win64\DeathmatchEditor\Development\DeathmatchEditor.uhtmanifest" -LogCmds="loginit warning, logexit warning, logdatabase error" -Unattended -WarningsAsErrors -installed
Reflection code generated for DeathmatchEditor in 10.4477015 seconds
@progress pop
Building 10 actions with 8 processes...
  @progress 'Compiling C++ source code...' 0%
  @progress 'Compiling C++ source code...' 10%
  [1/10] PCLaunch.rc
  @progress 'Compiling C++ source code...' 20%
  [2/10] SharedPCH.Engine.cpp
  @progress 'Compiling C++ source code...' 30%
  [3/10] PlayerCharacter.gen.cpp
  @progress 'Compiling C++ source code...' 40%
  [4/10] PlayerCharacter.cpp
  @progress 'Compiling C++ source code...' 50%
  [5/10] DeathmatchGameModeBase.gen.cpp
  @progress 'Compiling C++ source code...' 60%
  [6/10] Deathmatch.init.gen.cpp
  @progress 'Compiling C++ source code...' 70%
  [7/10] Deathmatch.cpp
  @progress 'Compiling C++ source code...' 80%
  [8/10] DeathmatchGameModeBase.cpp
  @progress 'Compiling C++ source code...' 90%
  [9/10] UE4Editor-Deathmatch.lib
     Creating library E:\Game\Unreal Projects\Semester1Project\Deathmatch\Intermediate\Build\Win64\UE4Editor\Development\Deathmatch\UE4Editor-Deathmatch.lib and object E:\Game\Unreal Projects\Semester1Project\Deathmatch\Intermediate\Build\Win64\UE4Editor\Development\Deathmatch\UE4Editor-Deathmatch.exp
  @progress 'Compiling C++ source code...' 100%
  [10/10] UE4Editor-Deathmatch.dll
     Creating library E:\Game\Unreal Projects\Semester1Project\Deathmatch\Intermediate\Build\Win64\UE4Editor\Development\Deathmatch\UE4Editor-Deathmatch.suppressed.lib and object E:\Game\Unreal Projects\Semester1Project\Deathmatch\Intermediate\Build\Win64\UE4Editor\Development\Deathmatch\UE4Editor-Deathmatch.suppressed.exp
Total build time: 80.80 seconds (Parallel executor: 32.24 seconds)
LogInit: Using libcurl 7.55.1-DEV
LogInit:  - built for x86_64-pc-win32
LogInit:  - supports SSL with OpenSSL/1.0.2h
LogInit:  - supports HTTP deflate (compression) using libz 1.2.8
LogInit:  - other features:
LogInit:      CURL_VERSION_SSL
LogInit:      CURL_VERSION_LIBZ
LogInit:      CURL_VERSION_IPV6
LogInit:      CURL_VERSION_ASYNCHDNS
LogInit:      CURL_VERSION_LARGEFILE
LogInit:      CURL_VERSION_IDN
LogInit:  CurlRequestOptions (configurable via config and command line):
LogInit:  - bVerifyPeer = true  - Libcurl will verify peer certificate
LogInit:  - bUseHttpProxy = false  - Libcurl will NOT use HTTP proxy
LogInit:  - bDontReuseConnections = false  - Libcurl will reuse connections
LogInit:  - MaxHostConnections = 16  - Libcurl will limit the number of connections to a host
LogInit:  - LocalHostAddr = Default
LogInit:  - BufferSize = 65536
LogInit: WinSock: version 1.1 (2.2), MaxSocks=32767, MaxUdp=65467
LogInit: Build: ++UE4+Release-4.21-CL-4613538
LogInit: Engine Version: 4.21.1-4613538+++UE4+Release-4.21
LogInit: Compatible Engine Version: 4.21.0-4541578+++UE4+Release-4.21
LogInit: Net CL: 4541578
LogInit: OS: Windows 10 (), CPU: Intel(R) Xeon(R) CPU E5-1620 v4 @ 3.50GHz, GPU: NVIDIA GeForce GTX 1080
LogInit: Compiled (64-bit): Nov 30 2018 04:13:25
LogInit: Compiled with Visual C++: 19.13.26129.00
LogInit: Build Configuration: Development
LogInit: Branch Name: ++UE4+Release-4.21
LogInit: Command Line: 
LogInit: Base Directory: E:/Epic Games/UE_4.21/Engine/Binaries/Win64/
LogInit: Installed Engine Build: 1
LogDevObjectVersion: Number of dev versions registered: 22
LogDevObjectVersion:   Dev-Blueprints (B0D832E4-1F89-4F0D-ACCF-7EB736FD4AA2): 10
LogDevObjectVersion:   Dev-Build (E1C64328-A22C-4D53-A36C-8E866417BD8C): 0
LogDevObjectVersion:   Dev-Core (375EC13C-06E4-48FB-B500-84F0262A717E): 2
LogDevObjectVersion:   Dev-Editor (E4B068ED-F494-42E9-A231-DA0B2E46BB41): 26
LogDevObjectVersion:   Dev-Framework (CFFC743F-43B0-4480-9391-14DF171D2073): 34
LogDevObjectVersion:   Dev-Mobile (B02B49B5-BB20-44E9-A304-32B752E40360): 2
LogDevObjectVersion:   Dev-Networking (A4E4105C-59A1-49B5-A7C5-40C4547EDFEE): 0
LogDevObjectVersion:   Dev-Online (39C831C9-5AE6-47DC-9A44-9C173E1C8E7C): 0
LogDevObjectVersion:   Dev-Physics (78F01B33-EBEA-4F98-B9B4-84EACCB95AA2): 0
LogDevObjectVersion:   Dev-Platform (6631380F-2D4D-43E0-8009-CF276956A95A): 0
LogDevObjectVersion:   Dev-Rendering (12F88B9F-8875-4AFC-A67C-D90C383ABD29): 27
LogDevObjectVersion:   Dev-Sequencer (7B5AE74C-D270-4C10-A958-57980B212A5A): 9
LogDevObjectVersion:   Dev-VR (D7296918-1DD6-4BDD-9DE2-64A83CC13884): 2
LogDevObjectVersion:   Dev-LoadTimes (C2A15278-BFE7-4AFE-6C17-90FF531DF755): 1
LogDevObjectVersion:   Private-Geometry (6EACA3D4-40EC-4CC1-B786-8BED09428FC5): 3
LogDevObjectVersion:   Dev-AnimPhys (29E575DD-E0A3-4627-9D10-D276232CDCEA): 17
LogDevObjectVersion:   Dev-Anim (AF43A65D-7FD3-4947-9873-3E8ED9C1BB05): 2
LogDevObjectVersion:   Dev-ReflectionCapture (6B266CEC-1EC7-4B8F-A30B-E4D90942FC07): 1
LogDevObjectVersion:   Dev-Automation (0DF73D61-A23F-47EA-B727-89E90C41499A): 1
LogDevObjectVersion:   FortniteMain (601D1886-AC64-4F84-AA16-D3DE0DEAC7D6): 17
LogDevObjectVersion:   Dev-Enterprise (9DFFBCD6-494F-0158-E221-12823C92A888): 4
LogDevObjectVersion:   Dev-Niagara (F2AED0AC-9AFE-416F-8664-AA7FFA26D6FC): 1
LogStreaming: Display: Took  0.000s to delete old logs.
LogInit: Presizing for max 8388607 objects, including 0 objects not considered by GC, pre-allocating 0 bytes for permanent pool.
LogInit: Object subsystem initialized
LogConfig: Setting CVar [[con.DebugEarlyDefault:1]]
LogConfig: Setting CVar [[r.setres:1280x720]]
[2018.12.11-17.53.55:541][  0]LogConfig: Setting CVar [[r.VSync:0]]
[2018.12.11-17.53.55:541][  0]LogConfig: Setting CVar [[r.RHICmdBypass:0]]
[2018.12.11-17.53.55:541][  0]LogConfig: Applying CVar settings from Section [/Script/Engine.RendererSettings] File [E:/Game/Unreal Projects/Semester1Project/Deathmatch/Saved/Config/Windows/Engine.ini]
[2018.12.11-17.53.55:541][  0]LogConfig: Setting CVar [[r.GPUCrashDebugging:0]]
[2018.12.11-17.53.55:541][  0]LogConfig: Applying CVar settings from Section [/Script/Engine.RendererOverrideSettings] File [E:/Game/Unreal Projects/Semester1Project/Deathmatch/Saved/Config/Windows/Engine.ini]
[2018.12.11-17.53.55:541][  0]LogConfig: Applying CVar settings from Section [/Script/Engine.StreamingSettings] File [E:/Game/Unreal Projects/Semester1Project/Deathmatch/Saved/Config/Windows/Engine.ini]
[2018.12.11-17.53.55:541][  0]LogConfig: Setting CVar [[s.MinBulkDataSizeForAsyncLoading:131072]]
[2018.12.11-17.53.55:541][  0]LogConfig: Setting CVar [[s.AsyncLoadingThreadEnabled:0]]
[2018.12.11-17.53.55:541][  0]LogConfig: Setting CVar [[s.EventDrivenLoaderEnabled:1]]
[2018.12.11-17.53.55:541][  0]LogConfig: Setting CVar [[s.WarnIfTimeLimitExceeded:0]]
[2018.12.11-17.53.55:541][  0]LogConfig: Setting CVar [[s.TimeLimitExceededMultiplier:1.5]]
[2018.12.11-17.53.55:541][  0]LogConfig: Setting CVar [[s.TimeLimitExceededMinTime:0.005]]
[2018.12.11-17.53.55:541][  0]LogConfig: Setting CVar [[s.UseBackgroundLevelStreaming:1]]
[2018.12.11-17.53.55:541][  0]LogConfig: Setting CVar [[s.PriorityAsyncLoadingExtraTime:15.0]]
[2018.12.11-17.53.55:541][  0]LogConfig: Setting CVar [[s.LevelStreamingActorsUpdateTimeLimit:5.0]]
[2018.12.11-17.53.55:541][  0]LogConfig: Setting CVar [[s.PriorityLevelStreamingActorsUpdateExtraTime:5.0]]
[2018.12.11-17.53.55:541][  0]LogConfig: Setting CVar [[s.LevelStreamingComponentsRegistrationGranularity:10]]
[2018.12.11-17.53.55:541][  0]LogConfig: Setting CVar [[s.UnregisterComponentsTimeLimit:1.0]]
[2018.12.11-17.53.55:541][  0]LogConfig: Setting CVar [[s.LevelStreamingComponentsUnregistrationGranularity:5]]
[2018.12.11-17.53.55:541][  0]LogConfig: Applying CVar settings from Section [/Script/Engine.GarbageCollectionSettings] File [E:/Game/Unreal Projects/Semester1Project/Deathmatch/Saved/Config/Windows/Engine.ini]
[2018.12.11-17.53.55:541][  0]LogConfig: Setting CVar [[gc.MaxObjectsNotConsideredByGC:1]]
[2018.12.11-17.53.55:541][  0]LogConfig: Setting CVar [[gc.SizeOfPermanentObjectPool:0]]
[2018.12.11-17.53.55:541][  0]LogConfig: Setting CVar [[gc.FlushStreamingOnGC:0]]
[2018.12.11-17.53.55:541][  0]LogConfig: Setting CVar [[gc.NumRetriesBeforeForcingGC:10]]
[2018.12.11-17.53.55:541][  0]LogConfig: Setting CVar [[gc.AllowParallelGC:1]]
[2018.12.11-17.53.55:541][  0]LogConfig: Setting CVar [[gc.TimeBetweenPurgingPendingKillObjects:61.1]]
[2018.12.11-17.53.55:542][  0]LogConfig: Setting CVar [[gc.MaxObjectsInEditor:8388607]]
[2018.12.11-17.53.55:542][  0]LogConfig: Setting CVar [[gc.IncrementalBeginDestroyEnabled:1]]
[2018.12.11-17.53.55:542][  0]LogConfig: Setting CVar [[gc.CreateGCClusters:1]]
[2018.12.11-17.53.55:542][  0]LogConfig: Setting CVar [[gc.MergeGCClusters:0]]
[2018.12.11-17.53.55:542][  0]LogConfig: Setting CVar [[gc.MinGCClusterSize:5]]
[2018.12.11-17.53.55:542][  0]LogConfig: Setting CVar [[gc.ActorClusteringEnabled:0]]
[2018.12.11-17.53.55:542][  0]LogConfig: Setting CVar [[gc.BlueprintClusteringEnabled:0]]
[2018.12.11-17.53.55:542][  0]LogConfig: Setting CVar [[gc.UseDisregardForGCOnDedicatedServers:0]]
[2018.12.11-17.53.55:542][  0]LogConfig: Applying CVar settings from Section [/Script/Engine.NetworkSettings] File [E:/Game/Unreal Projects/Semester1Project/Deathmatch/Saved/Config/Windows/Engine.ini]
[2018.12.11-17.53.55:542][  0]LogConfig: Applying CVar settings from Section [/Script/UnrealEd.CookerSettings] File [E:/Game/Unreal Projects/Semester1Project/Deathmatch/Saved/Config/Windows/Engine.ini]
[2018.12.11-17.53.55:544][  0]LogConfig: Applying CVar settings from Section [ViewDistanceQuality@3] File [E:/Game/Unreal Projects/Semester1Project/Deathmatch/Saved/Config/Windows/Scalability.ini]
[2018.12.11-17.53.55:544][  0]LogConfig: Setting CVar [[r.SkeletalMeshLODBias:0]]
[2018.12.11-17.53.55:544][  0]LogConfig: Setting CVar [[r.ViewDistanceScale:1.0]]
[2018.12.11-17.53.55:544][  0]LogConfig: Applying CVar settings from Section [AntiAliasingQuality@3] File [E:/Game/Unreal Projects/Semester1Project/Deathmatch/Saved/Config/Windows/Scalability.ini]
[2018.12.11-17.53.55:544][  0]LogConfig: Setting CVar [[r.PostProcessAAQuality:4]]
[2018.12.11-17.53.55:544][  0]LogConfig: Applying CVar settings from Section [ShadowQuality@3] File [E:/Game/Unreal Projects/Semester1Project/Deathmatch/Saved/Config/Windows/Scalability.ini]
[2018.12.11-17.53.55:544][  0]LogConfig: Setting CVar [[r.LightFunctionQuality:1]]
[2018.12.11-17.53.55:544][  0]LogConfig: Setting CVar [[r.ShadowQuality:5]]
[2018.12.11-17.53.55:544][  0]LogConfig: Setting CVar [[r.Shadow.CSM.MaxCascades:10]]
[2018.12.11-17.53.55:544][  0]LogConfig: Setting CVar [[r.Shadow.MaxResolution:2048]]
[2018.12.11-17.53.55:544][  0]LogConfig: Setting CVar [[r.Shadow.MaxCSMResolution:2048]]
[2018.12.11-17.53.55:544][  0]LogConfig: Setting CVar [[r.Shadow.RadiusThreshold:0.01]]
[2018.12.11-17.53.55:544][  0]LogConfig: Setting CVar [[r.Shadow.DistanceScale:1.0]]
[2018.12.11-17.53.55:544][  0]LogConfig: Setting CVar [[r.Shadow.CSM.TransitionScale:1.0]]
[2018.12.11-17.53.55:544][  0]LogConfig: Setting CVar [[r.Shadow.PreShadowResolutionFactor:1.0]]
[2018.12.11-17.53.55:544][  0]LogConfig: Setting CVar [[r.DistanceFieldShadowing:1]]
[2018.12.11-17.53.55:544][  0]LogConfig: Setting CVar [[r.DistanceFieldAO:1]]
[2018.12.11-17.53.55:544][  0]LogConfig: Setting CVar [[r.AOQuality:2]]
[2018.12.11-17.53.55:544][  0]LogConfig: Setting CVar [[r.VolumetricFog:1]]
[2018.12.11-17.53.55:544][  0]LogConfig: Setting CVar [[r.VolumetricFog.GridPixelSize:8]]
[2018.12.11-17.53.55:544][  0]LogConfig: Setting CVar [[r.VolumetricFog.GridSizeZ:128]]
[2018.12.11-17.53.55:544][  0]LogConfig: Setting CVar [[r.VolumetricFog.HistoryMissSupersampleCount:4]]
[2018.12.11-17.53.55:544][  0]LogConfig: Setting CVar [[r.LightMaxDrawDistanceScale:1]]
[2018.12.11-17.53.55:544][  0]LogConfig: Setting CVar [[r.CapsuleShadows:1]]
[2018.12.11-17.53.55:544][  0]LogConfig: Applying CVar settings from Section [PostProcessQuality@3] File [E:/Game/Unreal Projects/Semester1Project/Deathmatch/Saved/Config/Windows/Scalability.ini]
[2018.12.11-17.53.55:544][  0]LogConfig: Setting CVar [[r.MotionBlurQuality:4]]
[2018.12.11-17.53.55:544][  0]LogConfig: Setting CVar [[r.AmbientOcclusionMipLevelFactor:0.4]]
[2018.12.11-17.53.55:544][  0]LogConfig: Setting CVar [[r.AmbientOcclusionMaxQuality:100]]
[2018.12.11-17.53.55:544][  0]LogConfig: Setting CVar [[r.AmbientOcclusionLevels:-1]]
[2018.12.11-17.53.55:544][  0]LogConfig: Setting CVar [[r.AmbientOcclusionRadiusScale:1.0]]
[2018.12.11-17.53.55:544][  0]LogConfig: Setting CVar [[r.DepthOfFieldQuality:2]]
[2018.12.11-17.53.55:544][  0]LogConfig: Setting CVar [[r.RenderTargetPoolMin:400]]
[2018.12.11-17.53.55:544][  0]LogConfig: Setting CVar [[r.LensFlareQuality:2]]
[2018.12.11-17.53.55:544][  0]LogConfig: Setting CVar [[r.SceneColorFringeQuality:1]]
[2018.12.11-17.53.55:544][  0]LogConfig: Setting CVar [[r.EyeAdaptationQuality:2]]
[2018.12.11-17.53.55:544][  0]LogConfig: Setting CVar [[r.BloomQuality:5]]
[2018.12.11-17.53.55:544][  0]LogConfig: Setting CVar [[r.FastBlurThreshold:100]]
[2018.12.11-17.53.55:544][  0]LogConfig: Setting CVar [[r.Upscale.Quality:3]]
[2018.12.11-17.53.55:544][  0]LogConfig: Setting CVar [[r.Tonemapper.GrainQuantization:1]]
[2018.12.11-17.53.55:544][  0]LogConfig: Setting CVar [[r.LightShaftQuality:1]]
[2018.12.11-17.53.55:544][  0]LogConfig: Setting CVar [[r.Filter.SizeScale:1]]
[2018.12.11-17.53.55:544][  0]LogConfig: Setting CVar [[r.Tonemapper.Quality:5]]
[2018.12.11-17.53.55:544][  0]LogConfig: Setting CVar [[r.DOF.Gather.AccumulatorQuality:1        ; higher gathering accumulator quality]]
[2018.12.11-17.53.55:544][  0]LogConfig: Setting CVar [[r.DOF.Gather.PostfilterMethod:1          ; Median3x3 postfilering method]]
[2018.12.11-17.53.55:544][  0]LogConfig: Setting CVar [[r.DOF.Gather.EnableBokehSettings:0       ; no bokeh simulation when gathering]]
[2018.12.11-17.53.55:544][  0]LogConfig: Setting CVar [[r.DOF.Gather.RingCount:4                 ; medium number of samples when gathering]]
[2018.12.11-17.53.55:544][  0]LogConfig: Setting CVar [[r.DOF.Scatter.ForegroundCompositing:1    ; additive foreground scattering]]
[2018.12.11-17.53.55:544][  0]LogConfig: Setting CVar [[r.DOF.Scatter.BackgroundCompositing:2    ; additive background scattering]]
[2018.12.11-17.53.55:544][  0]LogConfig: Setting CVar [[r.DOF.Scatter.EnableBokehSettings:1      ; bokeh simulation when scattering]]
[2018.12.11-17.53.55:544][  0]LogConfig: Setting CVar [[r.DOF.Scatter.MaxSpriteRatio:0.1         ; only a maximum of 10% of scattered bokeh]]
[2018.12.11-17.53.55:544][  0]LogConfig: Setting CVar [[r.DOF.Recombine.Quality:1                ; cheap slight out of focus]]
[2018.12.11-17.53.55:544][  0]LogConfig: Setting CVar [[r.DOF.Recombine.EnableBokehSettings:0    ; no bokeh simulation on slight out of focus]]
[2018.12.11-17.53.55:544][  0]LogConfig: Setting CVar [[r.DOF.TemporalAAQuality:1                ; more stable temporal accumulation]]
[2018.12.11-17.53.55:544][  0]LogConfig: Setting CVar [[r.DOF.Kernel.MaxForegroundRadius:0.025]]
[2018.12.11-17.53.55:544][  0]LogConfig: Setting CVar [[r.DOF.Kernel.MaxBackgroundRadius:0.025]]
[2018.12.11-17.53.55:544][  0]LogConfig: Applying CVar settings from Section [TextureQuality@3] File [E:/Game/Unreal Projects/Semester1Project/Deathmatch/Saved/Config/Windows/Scalability.ini]
[2018.12.11-17.53.55:544][  0]LogConfig: Setting CVar [[r.Streaming.MipBias:0]]
[2018.12.11-17.53.55:544][  0]LogConfig: Setting CVar [[r.Streaming.AmortizeCPUToGPUCopy:0]]
[2018.12.11-17.53.55:544][  0]LogConfig: Setting CVar [[r.Streaming.MaxNumTexturesToStreamPerFrame:0]]
[2018.12.11-17.53.55:545][  0]LogConfig: Setting CVar [[r.Streaming.Boost:1]]
[2018.12.11-17.53.55:545][  0]LogConfig: Setting CVar [[r.MaxAnisotropy:8]]
[2018.12.11-17.53.55:545][  0]LogConfig: Setting CVar [[r.Streaming.LimitPoolSizeToVRAM:0]]
[2018.12.11-17.53.55:545][  0]LogConfig: Setting CVar [[r.Streaming.PoolSize:1000]]
[2018.12.11-17.53.55:545][  0]LogConfig: Setting CVar [[r.Streaming.MaxEffectiveScreenSize:0]]
[2018.12.11-17.53.55:545][  0]LogConfig: Applying CVar settings from Section [EffectsQuality@3] File [E:/Game/Unreal Projects/Semester1Project/Deathmatch/Saved/Config/Windows/Scalability.ini]
[2018.12.11-17.53.55:545][  0]LogConfig: Setting CVar [[r.TranslucencyLightingVolumeDim:64]]
[2018.12.11-17.53.55:545][  0]LogConfig: Setting CVar [[r.RefractionQuality:2]]
[2018.12.11-17.53.55:545][  0]LogConfig: Setting CVar [[r.SSR.Quality:3]]
[2018.12.11-17.53.55:545][  0]LogConfig: Setting CVar [[r.SceneColorFormat:4]]
[2018.12.11-17.53.55:545][  0]LogConfig: Setting CVar [[r.DetailMode:2]]
[2018.12.11-17.53.55:545][  0]LogConfig: Setting CVar [[r.TranslucencyVolumeBlur:1]]
[2018.12.11-17.53.55:545][  0]LogConfig: Setting CVar [[r.MaterialQualityLevel:1 ; High quality]]
[2018.12.11-17.53.55:545][  0]LogConfig: Setting CVar [[r.SSS.Scale:1]]
[2018.12.11-17.53.55:545][  0]LogConfig: Setting CVar [[r.SSS.SampleSet:2]]
[2018.12.11-17.53.55:545][  0]LogConfig: Setting CVar [[r.SSS.Quality:1]]
[2018.12.11-17.53.55:545][  0]LogConfig: Setting CVar [[r.SSS.HalfRes:1]]
[2018.12.11-17.53.55:545][  0]LogConfig: Setting CVar [[r.EmitterSpawnRateScale:1.0]]
[2018.12.11-17.53.55:545][  0]LogConfig: Setting CVar [[r.ParticleLightQuality:2]]
[2018.12.11-17.53.55:545][  0]LogConfig: Applying CVar settings from Section [FoliageQuality@3] File [E:/Game/Unreal Projects/Semester1Project/Deathmatch/Saved/Config/Windows/Scalability.ini]
[2018.12.11-17.53.55:545][  0]LogConfig: Setting CVar [[foliage.DensityScale:1.0]]
[2018.12.11-17.53.55:545][  0]LogConfig: Setting CVar [[grass.DensityScale:1.0]]
[2018.12.11-17.53.55:545][  0]LogInit: Selected Device Profile: [Windows]
[2018.12.11-17.53.55:545][  0]LogInit: Applying CVar settings loaded from the selected device profile: [Windows]
[2018.12.11-17.53.55:554][  0]LogHAL: Display: Platform has ~ 16 GB [17092136960 / 17179869184 / 16], which maps to Larger [LargestMinGB=32, LargerMinGB=12, DefaultMinGB=8, SmallerMinGB=6, SmallestMinGB=0)
[2018.12.11-17.53.55:554][  0]LogConfig: Setting CVar [[r.Vulkan.UseRealUBs:1]]
[2018.12.11-17.53.55:555][  0]LogInit: Going up to parent DeviceProfile []
[2018.12.11-17.53.55:555][  0]LogConfig: Applying CVar settings from Section [ViewDistanceQuality@3] File [E:/Game/Unreal Projects/Semester1Project/Deathmatch/Saved/Config/Windows/Scalability.ini]
[2018.12.11-17.53.55:555][  0]LogConfig: Setting CVar [[r.SkeletalMeshLODBias:0]]
[2018.12.11-17.53.55:555][  0]LogConfig: Setting CVar [[r.ViewDistanceScale:1.0]]
[2018.12.11-17.53.55:555][  0]LogConfig: Applying CVar settings from Section [AntiAliasingQuality@3] File [E:/Game/Unreal Projects/Semester1Project/Deathmatch/Saved/Config/Windows/Scalability.ini]
[2018.12.11-17.53.55:555][  0]LogConfig: Setting CVar [[r.PostProcessAAQuality:4]]
[2018.12.11-17.53.55:555][  0]LogConfig: Applying CVar settings from Section [ShadowQuality@3] File [E:/Game/Unreal Projects/Semester1Project/Deathmatch/Saved/Config/Windows/Scalability.ini]
[2018.12.11-17.53.55:555][  0]LogConfig: Setting CVar [[r.LightFunctionQuality:1]]
[2018.12.11-17.53.55:555][  0]LogConfig: Setting CVar [[r.ShadowQuality:5]]
[2018.12.11-17.53.55:555][  0]LogConfig: Setting CVar [[r.Shadow.CSM.MaxCascades:10]]
[2018.12.11-17.53.55:555][  0]LogConfig: Setting CVar [[r.Shadow.MaxResolution:2048]]
[2018.12.11-17.53.55:555][  0]LogConfig: Setting CVar [[r.Shadow.MaxCSMResolution:2048]]
[2018.12.11-17.53.55:555][  0]LogConfig: Setting CVar [[r.Shadow.RadiusThreshold:0.01]]
[2018.12.11-17.53.55:555][  0]LogConfig: Setting CVar [[r.Shadow.DistanceScale:1.0]]
[2018.12.11-17.53.55:555][  0]LogConfig: Setting CVar [[r.Shadow.CSM.TransitionScale:1.0]]
[2018.12.11-17.53.55:555][  0]LogConfig: Setting CVar [[r.Shadow.PreShadowResolutionFactor:1.0]]
[2018.12.11-17.53.55:555][  0]LogConfig: Setting CVar [[r.DistanceFieldShadowing:1]]
[2018.12.11-17.53.55:555][  0]LogConfig: Setting CVar [[r.DistanceFieldAO:1]]
[2018.12.11-17.53.55:555][  0]LogConfig: Setting CVar [[r.AOQuality:2]]
[2018.12.11-17.53.55:555][  0]LogConfig: Setting CVar [[r.VolumetricFog:1]]
[2018.12.11-17.53.55:555][  0]LogConfig: Setting CVar [[r.VolumetricFog.GridPixelSize:8]]
[2018.12.11-17.53.55:555][  0]LogConfig: Setting CVar [[r.VolumetricFog.GridSizeZ:128]]
[2018.12.11-17.53.55:555][  0]LogConfig: Setting CVar [[r.VolumetricFog.HistoryMissSupersampleCount:4]]
[2018.12.11-17.53.55:555][  0]LogConfig: Setting CVar [[r.LightMaxDrawDistanceScale:1]]
[2018.12.11-17.53.55:555][  0]LogConfig: Setting CVar [[r.CapsuleShadows:1]]
[2018.12.11-17.53.55:555][  0]LogConfig: Applying CVar settings from Section [PostProcessQuality@3] File [E:/Game/Unreal Projects/Semester1Project/Deathmatch/Saved/Config/Windows/Scalability.ini]
[2018.12.11-17.53.55:555][  0]LogConfig: Setting CVar [[r.MotionBlurQuality:4]]
[2018.12.11-17.53.55:555][  0]LogConfig: Setting CVar [[r.AmbientOcclusionMipLevelFactor:0.4]]
[2018.12.11-17.53.55:555][  0]LogConfig: Setting CVar [[r.AmbientOcclusionMaxQuality:100]]
[2018.12.11-17.53.55:555][  0]LogConfig: Setting CVar [[r.AmbientOcclusionLevels:-1]]
[2018.12.11-17.53.55:555][  0]LogConfig: Setting CVar [[r.AmbientOcclusionRadiusScale:1.0]]
[2018.12.11-17.53.55:555][  0]LogConfig: Setting CVar [[r.DepthOfFieldQuality:2]]
[2018.12.11-17.53.55:555][  0]LogConfig: Setting CVar [[r.RenderTargetPoolMin:400]]
[2018.12.11-17.53.55:555][  0]LogConfig: Setting CVar [[r.LensFlareQuality:2]]
[2018.12.11-17.53.55:555][  0]LogConfig: Setting CVar [[r.SceneColorFringeQuality:1]]
[2018.12.11-17.53.55:555][  0]LogConfig: Setting CVar [[r.EyeAdaptationQuality:2]]
[2018.12.11-17.53.55:555][  0]LogConfig: Setting CVar [[r.BloomQuality:5]]
[2018.12.11-17.53.55:555][  0]LogConfig: Setting CVar [[r.FastBlurThreshold:100]]
[2018.12.11-17.53.55:555][  0]LogConfig: Setting CVar [[r.Upscale.Quality:3]]
[2018.12.11-17.53.55:555][  0]LogConfig: Setting CVar [[r.Tonemapper.GrainQuantization:1]]
[2018.12.11-17.53.55:555][  0]LogConfig: Setting CVar [[r.LightShaftQuality:1]]
[2018.12.11-17.53.55:555][  0]LogConfig: Setting CVar [[r.Filter.SizeScale:1]]
[2018.12.11-17.53.55:555][  0]LogConfig: Setting CVar [[r.Tonemapper.Quality:5]]
[2018.12.11-17.53.55:555][  0]LogConfig: Setting CVar [[r.DOF.Gather.AccumulatorQuality:1        ; higher gathering accumulator quality]]
[2018.12.11-17.53.55:555][  0]LogConfig: Setting CVar [[r.DOF.Gather.PostfilterMethod:1          ; Median3x3 postfilering method]]
[2018.12.11-17.53.55:555][  0]LogConfig: Setting CVar [[r.DOF.Gather.EnableBokehSettings:0       ; no bokeh simulation when gathering]]
[2018.12.11-17.53.55:556][  0]LogConfig: Setting CVar [[r.DOF.Gather.RingCount:4                 ; medium number of samples when gathering]]
[2018.12.11-17.53.55:556][  0]LogConfig: Setting CVar [[r.DOF.Scatter.ForegroundCompositing:1    ; additive foreground scattering]]
[2018.12.11-17.53.55:556][  0]LogConfig: Setting CVar [[r.DOF.Scatter.BackgroundCompositing:2    ; additive background scattering]]
[2018.12.11-17.53.55:556][  0]LogConfig: Setting CVar [[r.DOF.Scatter.EnableBokehSettings:1      ; bokeh simulation when scattering]]
[2018.12.11-17.53.55:556][  0]LogConfig: Setting CVar [[r.DOF.Scatter.MaxSpriteRatio:0.1         ; only a maximum of 10% of scattered bokeh]]
[2018.12.11-17.53.55:556][  0]LogConfig: Setting CVar [[r.DOF.Recombine.Quality:1                ; cheap slight out of focus]]
[2018.12.11-17.53.55:556][  0]LogConfig: Setting CVar [[r.DOF.Recombine.EnableBokehSettings:0    ; no bokeh simulation on slight out of focus]]
[2018.12.11-17.53.55:556][  0]LogConfig: Setting CVar [[r.DOF.TemporalAAQuality:1                ; more stable temporal accumulation]]
[2018.12.11-17.53.55:556][  0]LogConfig: Setting CVar [[r.DOF.Kernel.MaxForegroundRadius:0.025]]
[2018.12.11-17.53.55:556][  0]LogConfig: Setting CVar [[r.DOF.Kernel.MaxBackgroundRadius:0.025]]
[2018.12.11-17.53.55:556][  0]LogConfig: Applying CVar settings from Section [TextureQuality@3] File [E:/Game/Unreal Projects/Semester1Project/Deathmatch/Saved/Config/Windows/Scalability.ini]
[2018.12.11-17.53.55:556][  0]LogConfig: Setting CVar [[r.Streaming.MipBias:0]]
[2018.12.11-17.53.55:556][  0]LogConfig: Setting CVar [[r.Streaming.AmortizeCPUToGPUCopy:0]]
[2018.12.11-17.53.55:556][  0]LogConfig: Setting CVar [[r.Streaming.MaxNumTexturesToStreamPerFrame:0]]
[2018.12.11-17.53.55:556][  0]LogConfig: Setting CVar [[r.Streaming.Boost:1]]
[2018.12.11-17.53.55:556][  0]LogConfig: Setting CVar [[r.MaxAnisotropy:8]]
[2018.12.11-17.53.55:556][  0]LogConfig: Setting CVar [[r.Streaming.LimitPoolSizeToVRAM:0]]
[2018.12.11-17.53.55:556][  0]LogConfig: Setting CVar [[r.Streaming.PoolSize:1000]]
[2018.12.11-17.53.55:556][  0]LogConfig: Setting CVar [[r.Streaming.MaxEffectiveScreenSize:0]]
[2018.12.11-17.53.55:556][  0]LogConfig: Applying CVar settings from Section [EffectsQuality@3] File [E:/Game/Unreal Projects/Semester1Project/Deathmatch/Saved/Config/Windows/Scalability.ini]
[2018.12.11-17.53.55:556][  0]LogConfig: Setting CVar [[r.TranslucencyLightingVolumeDim:64]]
[2018.12.11-17.53.55:556][  0]LogConfig: Setting CVar [[r.RefractionQuality:2]]
[2018.12.11-17.53.55:556][  0]LogConfig: Setting CVar [[r.SSR.Quality:3]]
[2018.12.11-17.53.55:556][  0]LogConfig: Setting CVar [[r.SceneColorFormat:4]]
[2018.12.11-17.53.55:556][  0]LogConfig: Setting CVar [[r.DetailMode:2]]
[2018.12.11-17.53.55:556][  0]LogConfig: Setting CVar [[r.TranslucencyVolumeBlur:1]]
[2018.12.11-17.53.55:556][  0]LogConfig: Setting CVar [[r.MaterialQualityLevel:1 ; High quality]]
[2018.12.11-17.53.55:556][  0]LogConfig: Setting CVar [[r.SSS.Scale:1]]
[2018.12.11-17.53.55:556][  0]LogConfig: Setting CVar [[r.SSS.SampleSet:2]]
[2018.12.11-17.53.55:556][  0]LogConfig: Setting CVar [[r.SSS.Quality:1]]
[2018.12.11-17.53.55:556][  0]LogConfig: Setting CVar [[r.SSS.HalfRes:1]]
[2018.12.11-17.53.55:556][  0]LogConfig: Setting CVar [[r.EmitterSpawnRateScale:1.0]]
[2018.12.11-17.53.55:556][  0]LogConfig: Setting CVar [[r.ParticleLightQuality:2]]
[2018.12.11-17.53.55:556][  0]LogConfig: Applying CVar settings from Section [FoliageQuality@3] File [E:/Game/Unreal Projects/Semester1Project/Deathmatch/Saved/Config/Windows/Scalability.ini]
[2018.12.11-17.53.55:556][  0]LogConfig: Setting CVar [[foliage.DensityScale:1.0]]
[2018.12.11-17.53.55:556][  0]LogConfig: Setting CVar [[grass.DensityScale:1.0]]
[2018.12.11-17.53.55:556][  0]LogConfig: Applying CVar settings from Section [Startup] File [../../../Engine/Config/ConsoleVariables.ini]
[2018.12.11-17.53.55:556][  0]LogConfig: Setting CVar [[net.UseAdaptiveNetUpdateFrequency:0]]
[2018.12.11-17.53.55:556][  0]LogConfig: Applying CVar settings from Section [ConsoleVariables] File [E:/Game/Unreal Projects/Semester1Project/Deathmatch/Saved/Config/Windows/Engine.ini]
[2018.12.11-17.53.55:557][  0]LogInit: Computer: WHIT-MAC-B15
[2018.12.11-17.53.55:557][  0]LogInit: User: Game
[2018.12.11-17.53.55:557][  0]LogInit: CPU Page size=4096, Cores=4
[2018.12.11-17.53.55:557][  0]LogInit: High frequency timer resolution =3.410075 MHz
[2018.12.11-17.53.55:557][  0]LogMemory: Memory total: Physical=15.9GB (16GB approx)
[2018.12.11-17.53.55:557][  0]LogMemory: Platform Memory Stats for Windows
[2018.12.11-17.53.55:557][  0]LogMemory: Process Physical Memory: 106.65 MB used, 106.65 MB peak
[2018.12.11-17.53.55:557][  0]LogMemory: Process Virtual Memory: 94.08 MB used, 94.08 MB peak
[2018.12.11-17.53.55:557][  0]LogMemory: Physical Memory: 7361.25 MB used,  8939.08 MB free, 16300.33 MB total
[2018.12.11-17.53.55:557][  0]LogMemory: Virtual Memory: 4695.31 MB used,  134213032.00 MB free, 134217728.00 MB total
[2018.12.11-17.53.55:574][  0]LogInit: Using OS detected language (en-US).
[2018.12.11-17.53.55:574][  0]LogInit: Using OS detected locale (en-US).
[2018.12.11-17.53.55:575][  0]LogTextLocalizationManager: No specific localization for 'en-US' exists, so the 'en' localization will be used.
[2018.12.11-17.53.55:933][  0]LogStreaming: Display: Took  0.360s to InitEngineTextLocalization.
[2018.12.11-17.53.55:933][  0]LogInit: Setting process to per monitor DPI aware
[2018.12.11-17.53.55:961][  0]LogSlate: New Slate User Created.  User Index 0, Is Virtual User: 0
[2018.12.11-17.53.55:961][  0]LogSlate: Slate User Registered.  User Index 0, Is Virtual User: 0
[2018.12.11-17.53.56:134][  0]LogHMD: Failed to initialize OpenVR with code 110
[2018.12.11-17.53.56:134][  0]LogD3D11RHI: D3D11 adapters:
[2018.12.11-17.53.56:186][  0]LogD3D11RHI:    0. 'NVIDIA GeForce GTX 1080' (Feature Level 11_0)
[2018.12.11-17.53.56:186][  0]LogD3D11RHI:       8086/0/8150 MB DedicatedVideo/DedicatedSystem/SharedSystem, Outputs:1, VendorId:0x10de
[2018.12.11-17.53.56:188][  0]LogD3D11RHI:    1. 'Microsoft Basic Render Driver' (Feature Level 11_0)
[2018.12.11-17.53.56:188][  0]LogD3D11RHI:       0/0/8150 MB DedicatedVideo/DedicatedSystem/SharedSystem, Outputs:0, VendorId:0x1414
[2018.12.11-17.53.56:188][  0]LogD3D11RHI: Chosen D3D11 Adapter: 0
[2018.12.11-17.53.56:195][  0]LogD3D11RHI: Creating new Direct3DDevice
[2018.12.11-17.53.56:195][  0]LogD3D11RHI:     GPU DeviceId: 0x1b80 (for the marketing name, search the web for "GPU Device Id")
[2018.12.11-17.53.56:195][  0]LogWindows: EnumDisplayDevices:
[2018.12.11-17.53.56:195][  0]LogWindows:    0. 'NVIDIA GeForce GTX 1080' (P:1 D:1)
[2018.12.11-17.53.56:196][  0]LogWindows:    1. 'NVIDIA GeForce GTX 1080' (P:0 D:0)
[2018.12.11-17.53.56:196][  0]LogWindows:    2. 'NVIDIA GeForce GTX 1080' (P:0 D:0)
[2018.12.11-17.53.56:196][  0]LogWindows:    3. 'NVIDIA GeForce GTX 1080' (P:0 D:0)
[2018.12.11-17.53.56:196][  0]LogWindows: DebugString: FoundDriverCount:4 
[2018.12.11-17.53.56:196][  0]LogD3D11RHI:     Adapter Name: NVIDIA GeForce GTX 1080
[2018.12.11-17.53.56:196][  0]LogD3D11RHI:   Driver Version: 388.13 (internal:23.21.13.8813, unified:388.13)
[2018.12.11-17.53.56:196][  0]LogD3D11RHI:      Driver Date: 10-27-2017
[2018.12.11-17.53.56:196][  0]LogRHI: Texture pool is 5660 MB (70% of 8086 MB)
[2018.12.11-17.53.56:222][  0]LogD3D11RHI: Async texture creation enabled
[2018.12.11-17.53.56:234][  0]LogD3D11RHI: GPU Timing Frequency: 1000.000000 (Debug: 2 1)
[2018.12.11-17.53.56:532][  0]LogTemp: Display: Loaded TP AllDesktopTargetPlatform
[2018.12.11-17.53.56:546][  0]LogTemp: Display: Loaded TP MacClientTargetPlatform
[2018.12.11-17.53.56:562][  0]LogTemp: Display: Loaded TP MacNoEditorTargetPlatform
[2018.12.11-17.53.56:579][  0]LogTemp: Display: Loaded TP MacServerTargetPlatform
[2018.12.11-17.53.56:593][  0]LogTemp: Display: Loaded TP MacTargetPlatform
[2018.12.11-17.53.56:604][  0]LogTemp: Display: Loaded TP WindowsClientTargetPlatform
[2018.12.11-17.53.56:616][  0]LogTemp: Display: Loaded TP WindowsNoEditorTargetPlatform
[2018.12.11-17.53.56:628][  0]LogTemp: Display: Loaded TP WindowsServerTargetPlatform
[2018.12.11-17.53.56:632][  0]LogTemp: Display: Loaded TP WindowsTargetPlatform
[2018.12.11-17.53.56:702][  0]LogTemp: Display: Loaded TP AndroidTargetPlatform
[2018.12.11-17.53.56:702][  0]LogTemp: Display: Loaded TP AndroidTargetPlatform
[2018.12.11-17.53.56:702][  0]LogTemp: Display: Loaded TP AndroidTargetPlatform
[2018.12.11-17.53.56:702][  0]LogTemp: Display: Loaded TP AndroidTargetPlatform
[2018.12.11-17.53.56:702][  0]LogTemp: Display: Loaded TP AndroidTargetPlatform
[2018.12.11-17.53.56:702][  0]LogTemp: Display: Loaded TP AndroidTargetPlatform
[2018.12.11-17.53.56:702][  0]LogTemp: Display: Loaded TP AndroidTargetPlatform
[2018.12.11-17.53.56:702][  0]LogTemp: Display: Loaded TP AndroidTargetPlatform
[2018.12.11-17.53.56:702][  0]LogTemp: Display: Loaded TP AndroidTargetPlatform
[2018.12.11-17.53.56:702][  0]LogTemp: Display: Loaded TP AndroidTargetPlatform
[2018.12.11-17.53.56:702][  0]LogTemp: Display: Loaded TP AndroidTargetPlatform
[2018.12.11-17.53.56:702][  0]LogTemp: Display: Loaded TP AndroidTargetPlatform
[2018.12.11-17.53.56:702][  0]LogTemp: Display: Loaded TP AndroidTargetPlatform
[2018.12.11-17.53.56:702][  0]LogTemp: Display: Loaded TP AndroidTargetPlatform
[2018.12.11-17.53.56:702][  0]LogTemp: Display: Loaded TP AndroidTargetPlatform
[2018.12.11-17.53.56:702][  0]LogTemp: Display: Loaded TP AndroidTargetPlatform
[2018.12.11-17.53.56:702][  0]LogTemp: Display: Loaded TP AndroidTargetPlatform
[2018.12.11-17.53.56:702][  0]LogTemp: Display: Loaded TP AndroidTargetPlatform
[2018.12.11-17.53.56:703][  0]LogTemp: Display: Loaded TP HTML5TargetPlatform
[2018.12.11-17.53.56:760][  0]LogTemp: Display: Loaded TP IOSTargetPlatform
[2018.12.11-17.53.56:760][  0]LogTemp: Display: Loaded TP IOSTargetPlatform
[2018.12.11-17.53.56:782][  0]LogTemp: Display: Loaded TP TVOSTargetPlatform
[2018.12.11-17.53.56:782][  0]LogTemp: Display: Loaded TP TVOSTargetPlatform
[2018.12.11-17.53.56:793][  0]LogTemp: Display: Loaded TP LinuxClientTargetPlatform
[2018.12.11-17.53.56:804][  0]LogTemp: Display: Loaded TP LinuxNoEditorTargetPlatform
[2018.12.11-17.53.56:815][  0]LogTemp: Display: Loaded TP LinuxServerTargetPlatform
[2018.12.11-17.53.56:827][  0]LogTemp: Display: Loaded TP LinuxTargetPlatform
[2018.12.11-17.53.56:868][  0]LogTemp: Display: Loaded TP LuminTargetPlatform
[2018.12.11-17.53.56:868][  0]LogTemp: Display: Loaded TP LuminTargetPlatform
[2018.12.11-17.53.56:868][  0]LogTargetPlatformManager: Display: Building Assets For Windows
[2018.12.11-17.53.56:904][  0]LogShaderCompilers: Guid format shader working directory is -19 characters bigger than the processId version (../../../../../Game/Unreal Projects/Semester1Project/Deathmatch/Intermediate/Shaders/WorkingDirectory/24880/).
[2018.12.11-17.53.56:904][  0]LogShaderCompilers: Cleaned the shader compiler working directory 'C:/Users/Game/AppData/Local/Temp/UnrealShaderWorkingDir/52B55B2C42AC2030D30D8E93FDD41BD0/'.
[2018.12.11-17.53.56:905][  0]LogXGEController: Cleaning working directory: C:/Users/Game/AppData/Local/Temp/UnrealXGEWorkingDir/
[2018.12.11-17.53.56:906][  0]LogXGEController: Cannot use XGE Controller as Incredibuild is not installed on this machine.
[2018.12.11-17.53.56:906][  0]LogShaderCompilers: Cannot use XGE Shader Compiler as Incredibuild is not installed on this machine.
[2018.12.11-17.53.56:906][  0]LogShaderCompilers: Display: Using Local Shader Compiler.
[2018.12.11-17.53.57:435][  0]LogDerivedDataCache: Display: Max Cache Size: 512 MB
[2018.12.11-17.53.57:486][  0]LogDerivedDataCache: Loaded boot cache 0.05s 71MB C:/Users/Game/AppData/Local/UnrealEngine/4.21/DerivedDataCache/Boot.ddc.
[2018.12.11-17.53.57:486][  0]LogDerivedDataCache: Display: Loaded Boot cache: C:/Users/Game/AppData/Local/UnrealEngine/4.21/DerivedDataCache/Boot.ddc
[2018.12.11-17.53.57:486][  0]LogDerivedDataCache: FDerivedDataBackendGraph:  Pak pak cache file ../../../../../Game/Unreal Projects/Semester1Project/Deathmatch/DerivedDataCache/DDC.ddp not found, will not use a pak cache.
[2018.12.11-17.53.57:486][  0]LogDerivedDataCache: Unable to find inner node Pak for hierarchical cache Hierarchy.
[2018.12.11-17.53.57:486][  0]LogDerivedDataCache: FDerivedDataBackendGraph:  CompressedPak pak cache file ../../../../../Game/Unreal Projects/Semester1Project/Deathmatch/DerivedDataCache/Compressed.ddp not found, will not use a pak cache.
[2018.12.11-17.53.57:486][  0]LogDerivedDataCache: Unable to find inner node CompressedPak for hierarchical cache Hierarchy.
[2018.12.11-17.53.57:498][  0]LogDerivedDataCache: Display: Pak cache opened for reading ../../../Engine/DerivedDataCache/Compressed.ddp.
[2018.12.11-17.53.57:499][  0]LogDerivedDataCache: FDerivedDataBackendGraph:  EnterprisePak pak cache file ../../../Enterprise/DerivedDataCache/Compressed.ddp not found, will not use a pak cache.
[2018.12.11-17.53.57:499][  0]LogDerivedDataCache: Unable to find inner node EnterprisePak for hierarchical cache Hierarchy.
[2018.12.11-17.53.57:511][  0]LogDerivedDataCache: Using Local data cache path C:/Users/Game/AppData/Local/UnrealEngine/Common/DerivedDataCache: Writable
[2018.12.11-17.53.57:511][  0]LogDerivedDataCache: Shared data cache path not found in *engine.ini, will not use an Shared cache.
[2018.12.11-17.53.57:511][  0]LogDerivedDataCache: Unable to find inner node Shared for hierarchical cache Hierarchy.
[2018.12.11-17.53.57:533][  0]LogMaterial: Verifying Global Shaders for PCD3D_SM5
[2018.12.11-17.53.57:534][  0]LogSlate: Using FreeType 2.6.0
[2018.12.11-17.53.57:535][  0]LogSlate: SlateFontServices - WITH_FREETYPE: 1, WITH_HARFBUZZ: 1
[2018.12.11-17.53.57:615][  0]LogAssetRegistry: FAssetRegistry took 0.0324 seconds to start up
[2018.12.11-17.53.57:904][  0]LogInit: Selected Device Profile: [Windows]
[2018.12.11-17.53.58:042][  0]LogSimplygon: Simplygon DLL not present - disabling.
[2018.12.11-17.53.58:044][  0]LogMeshReduction: Using SimplygonSwarm for distributed automatic mesh merging
[2018.12.11-17.53.58:044][  0]LogMeshReduction: Using ProxyLODMeshReduction for automatic mesh merging
[2018.12.11-17.53.58:044][  0]LogMeshReduction: Using QuadricMeshReduction for automatic static mesh reduction
[2018.12.11-17.53.58:044][  0]LogMeshReduction: No automatic skeletal mesh reduction module available
[2018.12.11-17.53.58:057][  0]LogNetVersion: Deathmatch 1.0.0, NetCL: 4541578, EngineNetVer: 5, GameNetVer: 0 (Checksum: 4116140508)
[2018.12.11-17.53.58:565][  0]LogPackageLocalizationCache: Processed 11 localized package path(s) for 2 prioritized culture(s) in 0.091676 seconds
[2018.12.11-17.53.58:572][  0]LogUObjectArray: 39775 objects as part of root set at end of initial load.
[2018.12.11-17.53.58:572][  0]LogUObjectAllocator: 6914656 out of 0 bytes used by permanent object pool.
[2018.12.11-17.53.58:572][  0]LogUObjectArray: CloseDisregardForGC: 0/0 objects in disregard for GC pool
[2018.12.11-17.53.59:348][  0]LogTcpMessaging: Initializing TcpMessaging bridge
[2018.12.11-17.53.59:376][  0]LogUdpMessaging: Initializing bridge on interface 0.0.0.0:0 to multicast group 230.0.0.1:6666.
[2018.12.11-17.54.00:026][  0]SourceControl: Source control is disabled
[2018.12.11-17.54.00:026][  0]SourceControl: Source control is disabled
[2018.12.11-17.54.00:027][  0]SourceControl: Source control is disabled
[2018.12.11-17.54.00:028][  0]SourceControl: Source control is disabled
[2018.12.11-17.54.00:189][  0]LogAndroidPermission: UAndroidPermissionCallbackProxy::GetInstance
[2018.12.11-17.54.00:230][  0]LogOcInput: OculusInput pre-init called
[2018.12.11-17.54.00:357][  0]LogEngine: Initializing Engine...
[2018.12.11-17.54.00:358][  0]LogHMD: Failed to initialize OpenVR with code 110
[2018.12.11-17.54.00:359][  0]LogStats: UGameplayTagsManager::ConstructGameplayTagTree: ImportINI prefixes -  0.000 s
[2018.12.11-17.54.00:359][  0]LogStats: UGameplayTagsManager::ConstructGameplayTagTree: Construct from data asset -  0.000 s
[2018.12.11-17.54.00:359][  0]LogStats: UGameplayTagsManager::ConstructGameplayTagTree: ImportINI -  0.000 s
[2018.12.11-17.54.00:359][  0]LogStats: UGameplayTagsManager::ConstructGameplayTagTree: GameplayTagTreeChangedEvent.Broadcast -  0.000 s
[2018.12.11-17.54.00:577][  0]LogInit: Initializing FReadOnlyCVARCache
[2018.12.11-17.54.00:586][  0]LogAIModule: Creating AISystem for world Untitled
[2018.12.11-17.54.00:654][  0]LogInit: XAudio2 using 'Speakers (Realtek High Definition Audio)' : 2 channels at 48 kHz using 32 bits per sample (channel mask 0x3)
[2018.12.11-17.54.00:688][  0]LogInit: FAudioDevice initialized.
[2018.12.11-17.54.00:689][  0]LogNetVersion: Set ProjectVersion to 1.0.0.0. Version Checksum will be recalculated on next use.
[2018.12.11-17.54.00:740][  0]LogDerivedDataCache: Saved boot cache 0.05s 71MB C:/Users/Game/AppData/Local/UnrealEngine/4.21/DerivedDataCache/Boot.ddc.
[2018.12.11-17.54.00:743][  0]LogInit: Texture streaming: Enabled
[2018.12.11-17.54.00:754][  0]LogEngineSessionManager: EngineSessionManager initialized
[2018.12.11-17.54.00:767][  0]LogInit: Transaction tracking system initialized
[2018.12.11-17.54.00:780][  0]BlueprintLog: New page: Editor Load
[2018.12.11-17.54.00:829][  0]LocalizationService: Localization service is disabled
[2018.12.11-17.54.01:278][  0]LogFileCache: Scanning file cache for directory 'E:/Game/Unreal Projects/Semester1Project/Deathmatch/Content/' took 0.01s
[2018.12.11-17.54.01:278][  0]LogCook: Display: Max memory allowance for cook 16384mb min free memory 0mb
[2018.12.11-17.54.01:278][  0]LogCook: Display: Mobile HDR setting 1
[2018.12.11-17.54.01:278][  0]LogGameplayTags: Display: UGameplayTagsManager::DoneAddingNativeTags. DelegateIsBound: 0
[2018.12.11-17.54.01:278][  0]LogStats: UGameplayTagsManager::ConstructGameplayTagTree: ImportINI prefixes -  0.000 s
[2018.12.11-17.54.01:278][  0]LogStats: UGameplayTagsManager::ConstructGameplayTagTree: Construct from data asset -  0.000 s
[2018.12.11-17.54.01:278][  0]LogStats: UGameplayTagsManager::ConstructGameplayTagTree: ImportINI -  0.000 s
[2018.12.11-17.54.01:278][  0]LogStats: UGameplayTagsManager::ConstructGameplayTagTree: GameplayTagTreeChangedEvent.Broadcast -  0.000 s
[2018.12.11-17.54.01:387][  0]SourceControl: Source control is disabled
[2018.12.11-17.54.01:387][  0]Cmd: MAP LOAD FILE="../../../../../Game/Unreal Projects/Semester1Project/Deathmatch/Content/Maps/MainMap.umap" TEMPLATE=0 SHOWPROGRESS=1 FEATURELEVEL=3
[2018.12.11-17.54.01:387][  0]LightingResults: New page: Lighting Build
[2018.12.11-17.54.01:389][  0]MapCheck: New page: Map Check
[2018.12.11-17.54.01:389][  0]LightingResults: New page: Lighting Build
[2018.12.11-17.54.01:748][  0]LogAIModule: Creating AISystem for world MainMap
[2018.12.11-17.54.01:755][  0]LogEditorServer: Finished looking for orphan Actors (0.000 secs)
[2018.12.11-17.54.01:780][  0]Cmd: MAP CHECKDEP NOCLEARLOG
[2018.12.11-17.54.01:780][  0]MapCheck: Map check complete: 0 Error(s), 0 Warning(s), took 0.087ms to complete.
[2018.12.11-17.54.01:780][  0]LogFileHelpers: Loading map 'MainMap' took 0.393
[2018.12.11-17.54.01:864][  0]LogSlate: Updating window title bar state: overlay mode, drag disabled, window buttons hidden, title bar hidden
[2018.12.11-17.54.01:870][  0]LogSlate: Updating window title bar state: overlay mode, drag disabled, window buttons hidden, title bar hidden
[2018.12.11-17.54.01:876][  0]LogSlate: Updating window title bar state: overlay mode, drag disabled, window buttons hidden, title bar hidden
[2018.12.11-17.54.01:881][  0]LogSlate: Updating window title bar state: overlay mode, drag disabled, window buttons hidden, title bar hidden
[2018.12.11-17.54.01:885][  0]LogCollectionManager: Loaded 0 collections in 0.000621 seconds
[2018.12.11-17.54.01:900][  0]LogFileCache: Scanning file cache for directory 'E:/Game/Unreal Projects/Semester1Project/Deathmatch/Saved/Collections/' took 0.01s
[2018.12.11-17.54.01:900][  0]LogFileCache: Scanning file cache for directory 'E:/Game/Unreal Projects/Semester1Project/Deathmatch/Content/Developers/Game/Collections/' took 0.00s
[2018.12.11-17.54.01:900][  0]LogFileCache: Scanning file cache for directory 'E:/Game/Unreal Projects/Semester1Project/Deathmatch/Content/Collections/' took 0.00s
[2018.12.11-17.54.01:900][  0]LogCollectionManager: Rebuilt the GUID cache for 0 collections in 0.000000 seconds
[2018.12.11-17.54.01:908][  0]LogContentBrowser: Native class hierarchy populated in 0.0082 seconds. Added 2653 classes and 623 folders.
[2018.12.11-17.54.01:913][  0]LogContentBrowser: Native class hierarchy updated for 'WidgetCarousel' in 0.0004 seconds. Added 0 classes and 0 folders.
[2018.12.11-17.54.01:915][  0]LogPakFile: Registered encryption key '00000000000000000000000000000000': 0 pak files mounted, 0 remain pending
[2018.12.11-17.54.01:915][  0]LogPakFile: Registered encryption key '00000000000000000000000000000000': 0 pak files mounted, 0 remain pending
[2018.12.11-17.54.01:916][  0]LogPakFile: Registered encryption key '00000000000000000000000000000000': 0 pak files mounted, 0 remain pending
[2018.12.11-17.54.01:916][  0]LogPakFile: Registered encryption key '00000000000000000000000000000000': 0 pak files mounted, 0 remain pending
[2018.12.11-17.54.01:916][  0]LogPakFile: Registered encryption key '00000000000000000000000000000000': 0 pak files mounted, 0 remain pending
[2018.12.11-17.54.01:917][  0]LogPakFile: Registered encryption key '00000000000000000000000000000000': 0 pak files mounted, 0 remain pending
[2018.12.11-17.54.01:917][  0]LogPakFile: Registered encryption key '00000000000000000000000000000000': 0 pak files mounted, 0 remain pending
[2018.12.11-17.54.01:918][  0]LogPakFile: Registered encryption key '00000000000000000000000000000000': 0 pak files mounted, 0 remain pending
[2018.12.11-17.54.01:918][  0]LogPakFile: Registered encryption key '00000000000000000000000000000000': 0 pak files mounted, 0 remain pending
[2018.12.11-17.54.01:918][  0]LogPakFile: Registered encryption key '00000000000000000000000000000000': 0 pak files mounted, 0 remain pending
[2018.12.11-17.54.01:919][  0]LogPakFile: Registered encryption key '00000000000000000000000000000000': 0 pak files mounted, 0 remain pending
[2018.12.11-17.54.01:919][  0]LogPakFile: Registered encryption key '00000000000000000000000000000000': 0 pak files mounted, 0 remain pending
[2018.12.11-17.54.01:919][  0]LogPakFile: Registered encryption key '00000000000000000000000000000000': 0 pak files mounted, 0 remain pending
[2018.12.11-17.54.01:920][  0]LogPakFile: Registered encryption key '00000000000000000000000000000000': 0 pak files mounted, 0 remain pending
[2018.12.11-17.54.01:920][  0]LogPakFile: Registered encryption key '00000000000000000000000000000000': 0 pak files mounted, 0 remain pending
[2018.12.11-17.54.01:921][  0]LogPakFile: Registered encryption key '00000000000000000000000000000000': 0 pak files mounted, 0 remain pending
[2018.12.11-17.54.01:921][  0]LogPakFile: Registered encryption key '00000000000000000000000000000000': 0 pak files mounted, 0 remain pending
[2018.12.11-17.54.01:921][  0]LogPakFile: Registered encryption key '00000000000000000000000000000000': 0 pak files mounted, 0 remain pending
[2018.12.11-17.54.01:922][  0]LogPakFile: Registered encryption key '00000000000000000000000000000000': 0 pak files mounted, 0 remain pending
[2018.12.11-17.54.01:922][  0]LogPakFile: Registered encryption key '00000000000000000000000000000000': 0 pak files mounted, 0 remain pending
[2018.12.11-17.54.01:922][  0]LogPakFile: Registered encryption key '00000000000000000000000000000000': 0 pak files mounted, 0 remain pending
[2018.12.11-17.54.01:923][  0]LogPakFile: Registered encryption key '00000000000000000000000000000000': 0 pak files mounted, 0 remain pending
[2018.12.11-17.54.01:923][  0]LogPakFile: Registered encryption key '00000000000000000000000000000000': 0 pak files mounted, 0 remain pending
[2018.12.11-17.54.01:924][  0]LogPakFile: Registered encryption key '00000000000000000000000000000000': 0 pak files mounted, 0 remain pending
[2018.12.11-17.54.01:924][  0]LogPakFile: Registered encryption key '00000000000000000000000000000000': 0 pak files mounted, 0 remain pending
[2018.12.11-17.54.01:924][  0]LogPakFile: Registered encryption key '00000000000000000000000000000000': 0 pak files mounted, 0 remain pending
[2018.12.11-17.54.01:950][  0]LogContentBrowser: Native class hierarchy updated for 'AddContentDialog' in 0.0003 seconds. Added 0 classes and 0 folders.
[2018.12.11-17.54.01:954][  0]LogContentBrowser: Native class hierarchy updated for 'SceneOutliner' in 0.0005 seconds. Added 1 classes and 2 folders.
[2018.12.11-17.54.01:968][  0]LogSlate: Took 0.000214 seconds to synchronously load lazily loaded font '../../../Engine/Content/Slate/Fonts/Roboto-Regular.ttf' (155K)
[2018.12.11-17.54.01:970][  0]LogSlate: Took 0.000174 seconds to synchronously load lazily loaded font '../../../Engine/Content/Slate/Fonts/Roboto-Bold.ttf' (160K)
[2018.12.11-17.54.01:977][  0]LogSlate: Took 0.000191 seconds to synchronously load lazily loaded font '../../../Engine/Content/Editor/Slate/Fonts/FontAwesome.ttf' (139K)
[2018.12.11-17.54.02:064][  0]LogRenderer: Reallocating scene render targets to support 1388x784 Format 10 NumSamples 1 (Frame:1).
[2018.12.11-17.54.02:254][  0]LogContentBrowser: Native class hierarchy updated for 'HierarchicalLODOutliner' in 0.0003 seconds. Added 0 classes and 0 folders.
[2018.12.11-17.54.02:254][  0]LogLoad: (Engine Initialization) Total time: 90.41 seconds
[2018.12.11-17.54.02:254][  0]LogLoad: (Engine Initialization) Total Blueprint compile time: 0.00 seconds
[2018.12.11-17.54.02:264][  0]LogWindowsTextInputMethodSystem: Display: IME system now deactivated.
[2018.12.11-17.54.02:310][  0]LogContentStreaming: Texture pool size now 1000 MB
[2018.12.11-17.54.19:239][ 21]LogAssetRegistry: Asset discovery search completed in 21.6471 seconds
[2018.12.11-17.54.19:242][ 21]LogCollectionManager: Rebuilt the object cache for 0 collections in 0.000001 seconds (found 0 objects)
[2018.12.11-17.54.19:242][ 21]LogCollectionManager: Fixed up redirectors for 0 collections in 0.000066 seconds (updated 0 objects)
[2018.12.11-18.01.24:814][959]LogSlate: FSceneViewport::OnFocusLost() reason 0
[2018.12.11-18.01.26:371][ 92]LogSlate: Window 'Deathmatch - Unreal Editor' being destroyed
[2018.12.11-18.01.26:575][ 93]Cmd: QUIT_EDITOR
[2018.12.11-18.01.26:605][ 93]LogExit: Preparing to exit.
[2018.12.11-18.01.27:622][ 93]LogExit: Editor shut down
[2018.12.11-18.01.27:622][ 93]LogExit: Transaction tracking system shut down
[2018.12.11-18.01.27:753][ 93]LogExit: Object subsystem successfully closed.
[2018.12.11-18.01.27:765][ 93]LogShaderCompilers: Display: Shaders left to compile 0
[2018.12.11-18.01.27:768][ 93]LogD3D11RHI: Shutdown
[2018.12.11-18.01.27:768][ 93]LogD3D11RHI: CleanupD3DDevice
[2018.12.11-18.01.27:769][ 93]LogD3D11RHI: ~FD3D11DynamicRHI
[2018.12.11-18.01.27:779][ 93]LogModuleManager: Shutting down and abandoning module HierarchicalLODOutliner (624)
[2018.12.11-18.01.27:780][ 93]LogModuleManager: Shutting down and abandoning module SceneOutliner (622)
[2018.12.11-18.01.27:780][ 93]LogModuleManager: Shutting down and abandoning module AddContentDialog (620)
[2018.12.11-18.01.27:780][ 93]LogModuleManager: Shutting down and abandoning module WidgetCarousel (619)
[2018.12.11-18.01.27:780][ 93]LogModuleManager: Shutting down and abandoning module EditorWidgets (616)
[2018.12.11-18.01.27:780][ 93]LogModuleManager: Shutting down and abandoning module CollectionManager (614)
[2018.12.11-18.01.27:781][ 93]LogModuleManager: Shutting down and abandoning module StatsViewer (612)
[2018.12.11-18.01.27:781][ 93]LogModuleManager: Shutting down and abandoning module FoliageEdit (610)
[2018.12.11-18.01.27:781][ 93]LogModuleManager: Shutting down and abandoning module LandscapeEditor (608)
[2018.12.11-18.01.27:781][ 93]LogModuleManager: Shutting down and abandoning module MeshPaintMode (606)
[2018.12.11-18.01.27:781][ 93]LogModuleManager: Shutting down and abandoning module SceneDepthPickerMode (604)
[2018.12.11-18.01.27:781][ 93]LogModuleManager: Shutting down and abandoning module ActorPickerMode (602)
[2018.12.11-18.01.27:781][ 93]LogModuleManager: Shutting down and abandoning module GeometryMode (600)
[2018.12.11-18.01.27:781][ 93]LogModuleManager: Shutting down and abandoning module TextureAlignMode (598)
[2018.12.11-18.01.27:781][ 93]LogModuleManager: Shutting down and abandoning module BspMode (596)
[2018.12.11-18.01.27:781][ 93]LogModuleManager: Shutting down and abandoning module PIEPreviewDeviceProfileSelector (594)
[2018.12.11-18.01.27:781][ 93]LogModuleManager: Shutting down and abandoning module SequenceRecorderSections (592)
[2018.12.11-18.01.27:781][ 93]LogModuleManager: Shutting down and abandoning module AutomationWorker (590)
[2018.12.11-18.01.27:781][ 93]LogModuleManager: Shutting down and abandoning module AudioCaptureEditor (588)
[2018.12.11-18.01.27:781][ 93]LogModuleManager: Shutting down and abandoning module MatineeToLevelSequence (586)
[2018.12.11-18.01.27:781][ 93]LogModuleManager: Shutting down and abandoning module LevelSequenceEditor (584)
[2018.12.11-18.01.27:781][ 93]LogModuleManager: Shutting down and abandoning module PlacementMode (583)
[2018.12.11-18.01.27:781][ 93]LogModuleManager: Shutting down and abandoning module MaterialEditor (582)
[2018.12.11-18.01.27:781][ 93]LogModuleManager: Shutting down and abandoning module WmfMediaFactory (578)
[2018.12.11-18.01.27:781][ 93]LogModuleManager: Shutting down and abandoning module WmfMediaEditor (576)
[2018.12.11-18.01.27:781][ 93]LogModuleManager: Shutting down and abandoning module WebMMediaFactory (574)
[2018.12.11-18.01.27:781][ 93]LogModuleManager: Shutting down and abandoning module WebMMediaEditor (572)
[2018.12.11-18.01.27:781][ 93]LogModuleManager: Shutting down and abandoning module WebMMedia (570)
[2018.12.11-18.01.27:781][ 93]LogModuleManager: Shutting down and abandoning module MediaPlayerEditor (568)
[2018.12.11-18.01.27:781][ 93]LogModuleManager: Shutting down and abandoning module MediaCompositingEditor (566)
[2018.12.11-18.01.27:781][ 93]LogModuleManager: Shutting down and abandoning module SequenceRecorder (565)
[2018.12.11-18.01.27:781][ 93]LogModuleManager: Shutting down and abandoning module OpenExrWrapper (562)
[2018.12.11-18.01.27:781][ 93]LogModuleManager: Shutting down and abandoning module ImgMediaFactory (560)
[2018.12.11-18.01.27:781][ 93]LogModuleManager: Shutting down and abandoning module ImgMediaEditor (558)
[2018.12.11-18.01.27:781][ 93]LogModuleManager: Shutting down and abandoning module AvfMediaFactory (556)
[2018.12.11-18.01.27:781][ 93]LogModuleManager: Shutting down and abandoning module AvfMediaEditor (554)
[2018.12.11-18.01.27:781][ 93]LogModuleManager: Shutting down and abandoning module AndroidMediaFactory (552)
[2018.12.11-18.01.27:781][ 93]LogModuleManager: Shutting down and abandoning module AndroidMediaEditor (550)
[2018.12.11-18.01.27:781][ 93]LogModuleManager: Shutting down and abandoning module MagicLeapCameraPreviewFactory (548)
[2018.12.11-18.01.27:781][ 93]LogModuleManager: Shutting down and abandoning module MagicLeapMediaFactory (546)
[2018.12.11-18.01.27:781][ 93]LogModuleManager: Shutting down and abandoning module MagicLeapMediaEditor (544)
[2018.12.11-18.01.27:781][ 93]LogModuleManager: Shutting down and abandoning module CharacterAI (542)
[2018.12.11-18.01.27:781][ 93]LogModuleManager: Shutting down and abandoning module SmartSnapping (540)
[2018.12.11-18.01.27:781][ 93]LogModuleManager: Shutting down and abandoning module SessionServices (538)
[2018.12.11-18.01.27:781][ 93]LogModuleManager: Shutting down and abandoning module ViewportSnapping (536)
[2018.12.11-18.01.27:781][ 93]LogModuleManager: Shutting down and abandoning module ViewportInteraction (534)
[2018.12.11-18.01.27:781][ 93]LogModuleManager: Shutting down and abandoning module ClothPainter (532)
[2018.12.11-18.01.27:781][ 93]LogModuleManager: Shutting down and abandoning module SkeletalMeshEditor (531)
[2018.12.11-18.01.27:781][ 93]LogModuleManager: Shutting down and abandoning module LogVisualizer (528)
[2018.12.11-18.01.27:782][ 93]LogModuleManager: Shutting down and abandoning module IntroTutorials (526)
[2018.12.11-18.01.27:782][ 93]LogModuleManager: Shutting down and abandoning module GameProjectGeneration (525)
[2018.12.11-18.01.27:782][ 93]LogModuleManager: Shutting down and abandoning module LuminPlatformEditor (522)
[2018.12.11-18.01.27:782][ 93]LogModuleManager: Shutting down and abandoning module IOSPlatformEditor (520)
[2018.12.11-18.01.27:782][ 93]LogModuleManager: Shutting down and abandoning module HTML5PlatformEditor (518)
[2018.12.11-18.01.27:782][ 93]LogModuleManager: Shutting down and abandoning module AndroidPlatformEditor (516)
[2018.12.11-18.01.27:782][ 93]LogModuleManager: Shutting down and abandoning module AndroidDeviceDetection (515)
[2018.12.11-18.01.28:288][ 93]LogModuleManager: Shutting down and abandoning module WindowsPlatformEditor (512)
[2018.12.11-18.01.28:288][ 93]LogModuleManager: Shutting down and abandoning module LuminRuntimeSettings (510)
[2018.12.11-18.01.28:288][ 93]LogModuleManager: Shutting down and abandoning module IOSRuntimeSettings (508)
[2018.12.11-18.01.28:288][ 93]LogModuleManager: Shutting down and abandoning module AndroidRuntimeSettings (506)
[2018.12.11-18.01.28:288][ 93]LogModuleManager: Shutting down and abandoning module TimeManagementEditor (504)
[2018.12.11-18.01.28:288][ 93]LogModuleManager: Shutting down and abandoning module InputBindingEditor (502)
[2018.12.11-18.01.28:288][ 93]LogModuleManager: Shutting down and abandoning module MergeActors (500)
[2018.12.11-18.01.28:288][ 93]LogModuleManager: Shutting down and abandoning module LocalizationDashboard (498)
[2018.12.11-18.01.28:288][ 93]LogModuleManager: Shutting down and abandoning module LocalizationService (497)
[2018.12.11-18.01.28:288][ 93]LogModuleManager: Shutting down and abandoning module HardwareTargeting (494)
[2018.12.11-18.01.28:288][ 93]LogModuleManager: Shutting down and abandoning module DeviceProfileEditor (492)
[2018.12.11-18.01.28:288][ 93]LogModuleManager: Shutting down and abandoning module UndoHistory (490)
[2018.12.11-18.01.28:288][ 93]LogModuleManager: Shutting down and abandoning module XmlParser (488)
[2018.12.11-18.01.28:288][ 93]LogModuleManager: Shutting down and abandoning module Blutility (486)
[2018.12.11-18.01.28:288][ 93]LogModuleManager: Shutting down and abandoning module ProjectSettingsViewer (484)
[2018.12.11-18.01.28:288][ 93]LogModuleManager: Shutting down and abandoning module ProjectTargetPlatformEditor (483)
[2018.12.11-18.01.28:289][ 93]LogModuleManager: Shutting down and abandoning module EditorSettingsViewer (480)
[2018.12.11-18.01.28:289][ 93]LogModuleManager: Shutting down and abandoning module SettingsEditor (478)
[2018.12.11-18.01.28:289][ 93]LogModuleManager: Shutting down and abandoning module ProjectLauncher (476)
[2018.12.11-18.01.28:289][ 93]LogModuleManager: Shutting down and abandoning module SessionFrontend (474)
[2018.12.11-18.01.28:289][ 93]LogModuleManager: Shutting down and abandoning module ProfilerClient (472)
[2018.12.11-18.01.28:289][ 93]LogModuleManager: Shutting down and abandoning module DeviceManager (470)
[2018.12.11-18.01.28:289][ 93]LogModuleManager: Shutting down and abandoning module TargetDeviceServices (469)
[2018.12.11-18.01.28:343][ 93]LogModuleManager: Shutting down and abandoning module AutomationController (466)
[2018.12.11-18.01.28:343][ 93]LogModuleManager: Shutting down and abandoning module AutomationWindow (464)
[2018.12.11-18.01.28:343][ 93]LogModuleManager: Shutting down and abandoning module Layers (462)
[2018.12.11-18.01.28:343][ 93]LogModuleManager: Shutting down and abandoning module ComponentVisualizers (460)
[2018.12.11-18.01.28:343][ 93]LogModuleManager: Shutting down and abandoning module DetailCustomizations (458)
[2018.12.11-18.01.28:343][ 93]LogModuleManager: Shutting down and abandoning module PackagesDialog (456)
[2018.12.11-18.01.28:343][ 93]LogModuleManager: Shutting down and abandoning module Persona (454)
[2018.12.11-18.01.28:343][ 93]LogModuleManager: Shutting down and abandoning module AdvancedPreviewScene (453)
[2018.12.11-18.01.28:343][ 93]LogModuleManager: Shutting down and abandoning module AnimGraph (451)
[2018.12.11-18.01.28:343][ 93]LogModuleManager: Shutting down and abandoning module Kismet (448)
[2018.12.11-18.01.28:343][ 93]LogModuleManager: Shutting down and abandoning module GraphEditor (446)
[2018.12.11-18.01.28:343][ 93]LogModuleManager: Shutting down and abandoning module ClassViewer (444)
[2018.12.11-18.01.28:343][ 93]LogModuleManager: Shutting down and abandoning module Toolbox (442)
[2018.12.11-18.01.28:343][ 93]LogModuleManager: Shutting down and abandoning module ModuleUI (440)
[2018.12.11-18.01.28:343][ 93]LogModuleManager: Shutting down and abandoning module MovieSceneTools (438)
[2018.12.11-18.01.28:343][ 93]LogModuleManager: Shutting down and abandoning module OutputLog (436)
[2018.12.11-18.01.28:343][ 93]LogModuleManager: Shutting down and abandoning module GammaUI (434)
[2018.12.11-18.01.28:343][ 93]LogModuleManager: Shutting down and abandoning module Documentation (432)
[2018.12.11-18.01.28:343][ 93]LogModuleManager: Shutting down and abandoning module MovieSceneTracks (430)
[2018.12.11-18.01.28:343][ 93]LogModuleManager: Shutting down and abandoning module MovieScene (428)
[2018.12.11-18.01.28:343][ 93]LogModuleManager: Shutting down and abandoning module StreamingPauseRendering (426)
[2018.12.11-18.01.28:343][ 93]LogModuleManager: Shutting down and abandoning module LauncherPlatform (424)
[2018.12.11-18.01.28:343][ 93]LogModuleManager: Shutting down and abandoning module AnalyticsET (422)
[2018.12.11-18.01.28:343][ 93]LogModuleManager: Shutting down and abandoning module PortalServices (420)
[2018.12.11-18.01.28:343][ 93]LogModuleManager: Shutting down and abandoning module PortalRpc (418)
[2018.12.11-18.01.28:343][ 93]LogModuleManager: Shutting down and abandoning module MessagingRpc (416)
[2018.12.11-18.01.28:343][ 93]LogModuleManager: Shutting down and abandoning module AIModule (414)
[2018.12.11-18.01.28:344][ 93]LogModuleManager: Shutting down and abandoning module GameplayDebugger (413)
[2018.12.11-18.01.28:344][ 93]LogModuleManager: Shutting down and abandoning module AITestSuite (411)
[2018.12.11-18.01.28:344][ 93]LogModuleManager: Shutting down and abandoning module NavigationSystem (409)
[2018.12.11-18.01.28:344][ 93]LogModuleManager: Shutting down and abandoning module ImageWriteQueue (406)
[2018.12.11-18.01.28:346][ 93]LogModuleManager: Shutting down and abandoning module ProfilerService (404)
[2018.12.11-18.01.28:471][ 93]LogModuleManager: Shutting down and abandoning module TaskGraph (402)
[2018.12.11-18.01.28:471][ 93]LogModuleManager: Shutting down and abandoning module SteamVRController (400)
[2018.12.11-18.01.28:471][ 93]LogModuleManager: Shutting down and abandoning module ProceduralMeshComponentEditor (398)
[2018.12.11-18.01.28:471][ 93]LogModuleManager: Shutting down and abandoning module ProceduralMeshComponent (396)
[2018.12.11-18.01.28:471][ 93]LogModuleManager: Shutting down and abandoning module OculusInput (394)
[2018.12.11-18.01.28:471][ 93]LogModuleManager: Shutting down and abandoning module MobilePatchingUtils (392)
[2018.12.11-18.01.28:471][ 93]LogModuleManager: Shutting down and abandoning module EditableMesh (390)
[2018.12.11-18.01.28:471][ 93]LogModuleManager: Shutting down and abandoning module CustomMeshComponent (388)
[2018.12.11-18.01.28:471][ 93]LogModuleManager: Shutting down and abandoning module CableComponent (386)
[2018.12.11-18.01.28:471][ 93]LogModuleManager: Shutting down and abandoning module AudioCapture (384)
[2018.12.11-18.01.28:471][ 93]LogModuleManager: Shutting down and abandoning module ArchVisCharacter (382)
[2018.12.11-18.01.28:471][ 93]LogModuleManager: Shutting down and abandoning module AndroidPermission (380)
[2018.12.11-18.01.28:471][ 93]LogModuleManager: Shutting down and abandoning module NUTUnrealEngine4 (378)
[2018.12.11-18.01.28:471][ 93]LogModuleManager: Shutting down and abandoning module NetcodeUnitTest (376)
[2018.12.11-18.01.28:471][ 93]LogModuleManager: Shutting down and abandoning module MediaCompositing (374)
[2018.12.11-18.01.28:471][ 93]LogModuleManager: Shutting down and abandoning module LinearTimecode (372)
[2018.12.11-18.01.28:471][ 93]LogModuleManager: Shutting down and abandoning module ImgMedia (370)
[2018.12.11-18.01.28:474][ 93]LogModuleManager: Shutting down and abandoning module HTML5Networking (368)
[2018.12.11-18.01.28:474][ 93]LogModuleManager: Shutting down and abandoning module GeometryCacheTracks (366)
[2018.12.11-18.01.28:474][ 93]LogModuleManager: Shutting down and abandoning module GeometryCacheSequencer (364)
[2018.12.11-18.01.28:474][ 93]LogModuleManager: Shutting down and abandoning module BackChannel (362)
[2018.12.11-18.01.28:474][ 93]LogModuleManager: Shutting down and abandoning module AppleVision (360)
[2018.12.11-18.01.28:474][ 93]LogModuleManager: Shutting down and abandoning module AppleImageUtilsBlueprintSupport (358)
[2018.12.11-18.01.28:474][ 93]LogModuleManager: Shutting down and abandoning module AppleImageUtils (356)
[2018.12.11-18.01.28:474][ 93]LogModuleManager: Shutting down and abandoning module AlembicImporter (354)
[2018.12.11-18.01.28:475][ 93]LogModuleManager: Shutting down and abandoning module AlembicLibrary (353)
[2018.12.11-18.01.28:475][ 93]LogModuleManager: Shutting down and abandoning module GeometryCache (352)
[2018.12.11-18.01.28:475][ 93]LogModuleManager: Shutting down and abandoning module GeometryCacheEd (351)
[2018.12.11-18.01.28:475][ 93]LogModuleManager: Shutting down and abandoning module VariantManagerContent (346)
[2018.12.11-18.01.28:475][ 93]LogModuleManager: Shutting down and abandoning module DatasmithContentEditor (344)
[2018.12.11-18.01.28:475][ 93]LogModuleManager: Shutting down and abandoning module SpeedTreeImporter (342)
[2018.12.11-18.01.28:475][ 93]LogModuleManager: Shutting down and abandoning module PluginBrowser (340)
[2018.12.11-18.01.28:475][ 93]LogModuleManager: Shutting down and abandoning module MobileLauncherProfileWizard (338)
[2018.12.11-18.01.28:475][ 93]LogModuleManager: Shutting down and abandoning module PolygonModeling (336)
[2018.12.11-18.01.28:475][ 93]LogModuleManager: Shutting down and abandoning module MeshEditor (334)
[2018.12.11-18.01.28:475][ 93]LogModuleManager: Shutting down and abandoning module CryptoKeysOpenSSL (332)
[2018.12.11-18.01.28:475][ 93]LogModuleManager: Shutting down and abandoning module CryptoKeys (330)
[2018.12.11-18.01.28:475][ 93]LogModuleManager: Shutting down and abandoning module VisualStudioSourceCodeAccess (328)
[2018.12.11-18.01.28:475][ 93]LogModuleManager: Shutting down and abandoning module VisualStudioCodeSourceCodeAccess (326)
[2018.12.11-18.01.28:475][ 93]LogModuleManager: Shutting down and abandoning module UObjectPlugin (324)
[2018.12.11-18.01.28:475][ 93]LogModuleManager: Shutting down and abandoning module SubversionSourceControl (322)
[2018.12.11-18.01.28:475][ 93]LogModuleManager: Shutting down and abandoning module PerforceSourceControl (320)
[2018.12.11-18.01.28:475][ 93]LogModuleManager: Shutting down and abandoning module GitSourceControl (318)
[2018.12.11-18.01.28:475][ 93]LogModuleManager: Shutting down and abandoning module SourceControl (317)
[2018.12.11-18.01.28:475][ 93]LogModuleManager: Shutting down and abandoning module CLionSourceCodeAccess (314)
[2018.12.11-18.01.28:475][ 93]LogModuleManager: Shutting down and abandoning module ActorLayerUtilitiesEditor (312)
[2018.12.11-18.01.28:475][ 93]LogModuleManager: Shutting down and abandoning module ActorLayerUtilities (310)
[2018.12.11-18.01.28:475][ 93]LogModuleManager: Shutting down and abandoning module LightPropagationVolumeEditor (308)
[2018.12.11-18.01.28:475][ 93]LogModuleManager: Shutting down and abandoning module PaperTiledImporter (306)
[2018.12.11-18.01.28:475][ 93]LogModuleManager: Shutting down and abandoning module PaperSpriteSheetImporter (304)
[2018.12.11-18.01.28:475][ 93]LogModuleManager: Shutting down and abandoning module Paper2DEditor (302)
[2018.12.11-18.01.28:475][ 93]LogModuleManager: Shutting down and abandoning module MeshPaint (301)
[2018.12.11-18.01.28:475][ 93]LogModuleManager: Shutting down and abandoning module Deathmatch (298)
[2018.12.11-18.01.28:475][ 93]LogModuleManager: Shutting down and abandoning module RuntimePhysXCooking (296)
[2018.12.11-18.01.28:475][ 93]LogModuleManager: Shutting down and abandoning module PhysXVehiclesEditor (294)
[2018.12.11-18.01.28:475][ 93]LogModuleManager: Shutting down and abandoning module PhysXVehicles (292)
[2018.12.11-18.01.28:475][ 93]LogModuleManager: Shutting down and abandoning module OculusEditor (290)
[2018.12.11-18.01.28:475][ 93]LogModuleManager: Shutting down and abandoning module LocationServicesBPLibrary (288)
[2018.12.11-18.01.28:475][ 93]LogModuleManager: Shutting down and abandoning module ActorSequence (286)
[2018.12.11-18.01.28:475][ 93]LogModuleManager: Shutting down and abandoning module UdpMessaging (284)
[2018.12.11-18.01.28:576][ 93]LogModuleManager: Shutting down and abandoning module TcpMessaging (282)
[2018.12.11-18.01.28:676][ 93]LogModuleManager: Shutting down and abandoning module MagicLeapAudio (280)
[2018.12.11-18.01.28:676][ 93]LogModuleManager: Shutting down and abandoning module GameplayTagsEditor (278)
[2018.12.11-18.01.28:676][ 93]LogModuleManager: Shutting down and abandoning module FacialAnimationEditor (276)
[2018.12.11-18.01.28:676][ 93]LogModuleManager: Shutting down and abandoning module FacialAnimation (274)
[2018.12.11-18.01.28:676][ 93]LogModuleManager: Shutting down and abandoning module DataValidation (272)
[2018.12.11-18.01.28:676][ 93]LogModuleManager: Shutting down and abandoning module AssetManagerEditor (270)
[2018.12.11-18.01.28:676][ 93]LogModuleManager: Shutting down and abandoning module LevelEditor (269)
[2018.12.11-18.01.28:677][ 93]LogModuleManager: Shutting down and abandoning module PixelInspectorModule (268)
[2018.12.11-18.01.28:677][ 93]LogModuleManager: Shutting down and abandoning module CommonMenuExtensions (266)
[2018.12.11-18.01.28:677][ 93]LogModuleManager: Shutting down and abandoning module MainFrame (264)
[2018.12.11-18.01.28:677][ 93]LogModuleManager: Shutting down and abandoning module HotReload (263)
[2018.12.11-18.01.28:677][ 93]LogModuleManager: Shutting down and abandoning module ContentBrowser (259)
[2018.12.11-18.01.28:678][ 93]LogModuleManager: Shutting down and abandoning module TreeMap (257)
[2018.12.11-18.01.28:678][ 93]LogModuleManager: Shutting down and abandoning module LightPropagationVolumeRuntime (254)
[2018.12.11-18.01.28:678][ 93]LogModuleManager: Shutting down and abandoning module AISupportModule (252)
[2018.12.11-18.01.28:678][ 93]LogModuleManager: Shutting down and abandoning module Paper2D (250)
[2018.12.11-18.01.28:678][ 93]LogModuleManager: Shutting down and abandoning module WindowsMoviePlayer (248)
[2018.12.11-18.01.28:678][ 93]LogModuleManager: Shutting down and abandoning module WebMMoviePlayer (246)
[2018.12.11-18.01.28:678][ 93]LogModuleManager: Shutting down and abandoning module WmfMedia (244)
[2018.12.11-18.01.28:679][ 93]LogModuleManager: Shutting down and abandoning module Media (243)
[2018.12.11-18.01.28:686][ 93]LogModuleManager: Shutting down and abandoning module PacketHandler (240)
[2018.12.11-18.01.28:686][ 93]LogModuleManager: Shutting down and abandoning module ClothingSystemEditor (238)
[2018.12.11-18.01.28:686][ 93]LogModuleManager: Shutting down and abandoning module ClothingSystemRuntime (236)
[2018.12.11-18.01.28:686][ 93]LogModuleManager: Shutting down and abandoning module MediaAssets (234)
[2018.12.11-18.01.28:686][ 93]LogModuleManager: Shutting down and abandoning module Overlay (232)
[2018.12.11-18.01.28:686][ 93]LogModuleManager: Shutting down and abandoning module OverlayEditor (231)
[2018.12.11-18.01.28:686][ 93]LogModuleManager: Shutting down and abandoning module VREditor (228)
[2018.12.11-18.01.28:686][ 93]LogModuleManager: Shutting down and abandoning module StringTableEditor (226)
[2018.12.11-18.01.28:686][ 93]LogModuleManager: Shutting down and abandoning module GameplayTasksEditor (224)
[2018.12.11-18.01.28:686][ 93]LogModuleManager: Shutting down and abandoning module BehaviorTreeEditor (222)
[2018.12.11-18.01.28:686][ 93]LogModuleManager: Shutting down and abandoning module FunctionalTesting (220)
[2018.12.11-18.01.28:686][ 93]LogModuleManager: Shutting down and abandoning module CollisionAnalyzer (218)
[2018.12.11-18.01.28:686][ 93]LogModuleManager: Shutting down and abandoning module WorkspaceMenuStructure (217)
[2018.12.11-18.01.28:686][ 93]LogModuleManager: Shutting down and abandoning module UMG (214)
[2018.12.11-18.01.28:686][ 93]LogModuleManager: Shutting down and abandoning module UMGEditor (213)
[2018.12.11-18.01.28:686][ 93]LogModuleManager: Shutting down and abandoning module Sequencer (212)
[2018.12.11-18.01.28:686][ 93]LogModuleManager: Shutting down and abandoning module MessageLog (209)
[2018.12.11-18.01.28:686][ 93]LogModuleManager: Shutting down and abandoning module SlateReflector (204)
[2018.12.11-18.01.28:686][ 93]LogModuleManager: Shutting down and abandoning module Slate (202)
[2018.12.11-18.01.28:686][ 93]LogModuleManager: Shutting down and abandoning module EditorStyle (200)
[2018.12.11-18.01.28:688][ 93]LogModuleManager: Shutting down and abandoning module MRMesh (198)
[2018.12.11-18.01.28:688][ 93]LogModuleManager: Shutting down and abandoning module SourceCodeAccess (196)
[2018.12.11-18.01.28:688][ 93]LogModuleManager: Shutting down and abandoning module HeadMountedDisplay (194)
[2018.12.11-18.01.28:688][ 93]LogModuleManager: Shutting down and abandoning module XAudio2 (192)
[2018.12.11-18.01.28:688][ 93]LogModuleManager: Shutting down and abandoning module Networking (190)
[2018.12.11-18.01.28:688][ 93]LogModuleManager: Shutting down and abandoning module Core (188)
[2018.12.11-18.01.28:688][ 93]LogModuleManager: Shutting down and abandoning module LevelSequence (186)
[2018.12.11-18.01.28:688][ 93]LogModuleManager: Shutting down and abandoning module KismetCompiler (184)
[2018.12.11-18.01.28:688][ 93]LogModuleManager: Shutting down and abandoning module MeshUtilities (182)
[2018.12.11-18.01.28:688][ 93]LogModuleManager: Shutting down and abandoning module MeshMergeUtilities (181)
[2018.12.11-18.01.28:688][ 93]LogModuleManager: Shutting down and abandoning module MeshReductionInterface (180)
[2018.12.11-18.01.28:688][ 93]LogModuleManager: Shutting down and abandoning module SimplygonSwarm (179)
[2018.12.11-18.01.28:688][ 93]LogModuleManager: Shutting down and abandoning module ProxyLODMeshReduction (177)
[2018.12.11-18.01.28:688][ 93]LogModuleManager: Shutting down and abandoning module SimplygonMeshReduction (175)
[2018.12.11-18.01.28:688][ 93]LogModuleManager: Shutting down and abandoning module QuadricMeshReduction (173)
[2018.12.11-18.01.28:688][ 93]LogModuleManager: Shutting down and abandoning module MaterialBaking (169)
[2018.12.11-18.01.28:688][ 93]LogModuleManager: Shutting down and abandoning module DirectoryWatcher (165)
[2018.12.11-18.01.28:688][ 93]LogModuleManager: Shutting down and abandoning module DerivedDataCache (162)
[2018.12.11-18.01.28:739][ 93]LogDerivedDataCache: Shutdown
[2018.12.11-18.01.28:739][ 93]LogModuleManager: Shutting down and abandoning module XGEController (160)
[2018.12.11-18.01.28:739][ 93]LogXGEController: Cleaning working directory: C:/Users/Game/AppData/Local/Temp/UnrealXGEWorkingDir/
[2018.12.11-18.01.28:740][ 93]LogModuleManager: Shutting down and abandoning module TargetPlatform (158)
[2018.12.11-18.01.28:740][ 93]LogModuleManager: Shutting down and abandoning module VulkanShaderFormat (157)
[2018.12.11-18.01.28:740][ 93]LogModuleManager: Shutting down and abandoning module ShaderFormatVectorVM (155)
[2018.12.11-18.01.28:740][ 93]LogModuleManager: Shutting down and abandoning module ShaderFormatOpenGL (153)
[2018.12.11-18.01.28:740][ 93]LogModuleManager: Shutting down and abandoning module ShaderFormatD3D (151)
[2018.12.11-18.01.28:740][ 93]LogModuleManager: Shutting down and abandoning module MetalShaderFormat (149)
[2018.12.11-18.01.28:740][ 93]LogModuleManager: Shutting down and abandoning module TextureFormatUncompressed (147)
[2018.12.11-18.01.28:740][ 93]LogModuleManager: Shutting down and abandoning module TextureFormatPVR (145)
[2018.12.11-18.01.28:740][ 93]LogModuleManager: Shutting down and abandoning module TextureFormatDXT (143)
[2018.12.11-18.01.28:740][ 93]LogModuleManager: Shutting down and abandoning module TextureFormatIntelISPCTexComp (141)
[2018.12.11-18.01.28:740][ 93]LogModuleManager: Shutting down and abandoning module TextureFormatASTC (139)
[2018.12.11-18.01.28:740][ 93]LogModuleManager: Shutting down and abandoning module ImageWrapper (138)
[2018.12.11-18.01.28:740][ 93]LogModuleManager: Shutting down and abandoning module TextureFormatAndroid (135)
[2018.12.11-18.01.28:740][ 93]LogModuleManager: Shutting down and abandoning module AudioFormatOpus (133)
[2018.12.11-18.01.28:740][ 93]LogModuleManager: Shutting down and abandoning module AudioFormatOgg (131)
[2018.12.11-18.01.28:740][ 93]LogModuleManager: Shutting down and abandoning module AudioFormatADPCM (129)
[2018.12.11-18.01.28:740][ 93]LogModuleManager: Shutting down and abandoning module LuminTargetPlatform (127)
[2018.12.11-18.01.28:741][ 93]LogModuleManager: Shutting down and abandoning module LinuxTargetPlatform (125)
[2018.12.11-18.01.28:741][ 93]LogModuleManager: Shutting down and abandoning module LinuxServerTargetPlatform (123)
[2018.12.11-18.01.28:741][ 93]LogModuleManager: Shutting down and abandoning module LinuxNoEditorTargetPlatform (121)
[2018.12.11-18.01.28:741][ 93]LogModuleManager: Shutting down and abandoning module LinuxClientTargetPlatform (119)
[2018.12.11-18.01.28:741][ 93]LogModuleManager: Shutting down and abandoning module TVOSTargetPlatform (117)
[2018.12.11-18.01.28:741][ 93]LogModuleManager: Shutting down and abandoning module Messaging (115)
[2018.12.11-18.01.28:741][ 93]LogModuleManager: Shutting down and abandoning module IOSTargetPlatform (113)
[2018.12.11-18.01.28:742][ 93]LogModuleManager: Shutting down and abandoning module HTML5TargetPlatform (111)
[2018.12.11-18.01.28:742][ 93]LogModuleManager: Shutting down and abandoning module AndroidTargetPlatform (109)
[2018.12.11-18.01.28:748][ 93]LogModuleManager: Shutting down and abandoning module WindowsTargetPlatform (107)
[2018.12.11-18.01.28:748][ 93]LogModuleManager: Shutting down and abandoning module WindowsServerTargetPlatform (105)
[2018.12.11-18.01.28:748][ 93]LogModuleManager: Shutting down and abandoning module WindowsNoEditorTargetPlatform (103)
[2018.12.11-18.01.28:748][ 93]LogModuleManager: Shutting down and abandoning module WindowsClientTargetPlatform (101)
[2018.12.11-18.01.28:748][ 93]LogModuleManager: Shutting down and abandoning module MacTargetPlatform (99)
[2018.12.11-18.01.28:748][ 93]LogModuleManager: Shutting down and abandoning module MacServerTargetPlatform (97)
[2018.12.11-18.01.28:748][ 93]LogModuleManager: Shutting down and abandoning module MacNoEditorTargetPlatform (95)
[2018.12.11-18.01.28:748][ 93]LogModuleManager: Shutting down and abandoning module MacClientTargetPlatform (93)
[2018.12.11-18.01.28:748][ 93]LogModuleManager: Shutting down and abandoning module AllDesktopTargetPlatform (91)
[2018.12.11-18.01.28:748][ 93]LogModuleManager: Shutting down and abandoning module InputCore (88)
[2018.12.11-18.01.28:748][ 93]LogModuleManager: Shutting down and abandoning module Settings (86)
[2018.12.11-18.01.28:748][ 93]LogModuleManager: Shutting down and abandoning module PhysXCooking (84)
[2018.12.11-18.01.28:748][ 93]LogModuleManager: Shutting down and abandoning module SteamVR (82)
[2018.12.11-18.01.28:748][ 93]LogHMD: Freeing OpenVRDLLHandle.
[2018.12.11-18.01.28:748][ 93]LogModuleManager: Shutting down and abandoning module OculusHMD (80)
[2018.12.11-18.01.28:748][ 93]LogModuleManager: Shutting down and abandoning module ExampleDeviceProfileSelector (78)
[2018.12.11-18.01.28:748][ 93]LogModuleManager: Shutting down and abandoning module LauncherChunkInstaller (76)
[2018.12.11-18.01.28:748][ 93]LogModuleManager: Shutting down and abandoning module OnlineBlueprintSupport (74)
[2018.12.11-18.01.28:748][ 93]LogModuleManager: Shutting down and abandoning module OnlineSubsystem (70)
[2018.12.11-18.01.28:749][ 93]LogModuleManager: Shutting down and abandoning module XMPP (65)
[2018.12.11-18.01.28:749][ 93]LogModuleManager: Shutting down and abandoning module WebSockets (64)
[2018.12.11-18.01.28:772][ 93]LogModuleManager: Shutting down and abandoning module HTTP (61)
[2018.12.11-18.01.28:772][ 93]LogHttp: Display: Http module shutting down, but needs to wait on 1 outstanding Http requests:
[2018.12.11-18.01.28:772][ 93]LogHttp: Display: 	verb=[POST] url=[https://datarouter.ol.epicgames.com/datarouter/api/v1/public/data?SessionID=%7BAF19F1EA-4F45-7AB3-9BA9-76915F68332B%7D&AppID=UEEditor.Rocket.Release&AppVersion=4.21.1-4613538%2B%2B%2BUE4%2BRelease-4.21&UserID=20c78fee404aa4532436c4ab800984f6%7C84b7e9a7edca424e8d1f431b48cdff00%7C551195f0-e47e-45d9-b9a9-c8c21b00246d&AppEnvironment=datacollector-binary&UploadType=eteventstream] status=Processing
[2018.12.11-18.01.28:777][ 93]LogModuleManager: Shutting down and abandoning module SSL (60)
[2018.12.11-18.01.28:779][ 93]LogModuleManager: Shutting down and abandoning module MagicLeapIdentity (56)
[2018.12.11-18.01.28:779][ 93]LogModuleManager: Shutting down and abandoning module MagicLeapHelperVulkan (54)
[2018.12.11-18.01.28:779][ 93]LogModuleManager: Shutting down and abandoning module MagicLeapHelperOpenGL (52)
[2018.12.11-18.01.28:779][ 93]LogModuleManager: Shutting down and abandoning module MagicLeapSecureStorage (50)
[2018.12.11-18.01.28:779][ 93]LogModuleManager: Shutting down and abandoning module MagicLeapHandTracking (48)
[2018.12.11-18.01.28:779][ 93]LogModuleManager: Shutting down and abandoning module MagicLeapEyeTracker (46)
[2018.12.11-18.01.28:779][ 93]LogModuleManager: Shutting down and abandoning module MagicLeapController (44)
[2018.12.11-18.01.28:779][ 93]LogSlate: Slate User Destroyed.  User Index 0, Is Virtual User: 0
[2018.12.11-18.01.28:779][ 93]LogModuleManager: Shutting down and abandoning module MagicLeap (42)
[2018.12.11-18.01.28:779][ 93]LogModuleManager: Shutting down and abandoning module DatasmithContent (40)
[2018.12.11-18.01.28:779][ 93]LogModuleManager: Shutting down and abandoning module DesktopPlatform (38)
[2018.12.11-18.01.28:779][ 93]LogModuleManager: Shutting down and abandoning module AnimationModifiers (36)
[2018.12.11-18.01.28:779][ 93]LogModuleManager: Shutting down and abandoning module PropertyEditor (35)
[2018.12.11-18.01.28:779][ 93]LogModuleManager: Shutting down and abandoning module AudioEditor (32)
[2018.12.11-18.01.28:779][ 93]LogModuleManager: Shutting down and abandoning module TextureCompressor (30)
[2018.12.11-18.01.28:779][ 93]LogModuleManager: Shutting down and abandoning module ShaderCore (28)
[2018.12.11-18.01.28:779][ 93]LogModuleManager: Shutting down and abandoning module Landscape (26)
[2018.12.11-18.01.28:779][ 93]LogModuleManager: Shutting down and abandoning module SlateRHIRenderer (24)
[2018.12.11-18.01.28:780][ 93]LogModuleManager: Shutting down and abandoning module OpenGLDrv (22)
[2018.12.11-18.01.28:780][ 93]LogModuleManager: Shutting down and abandoning module D3D11RHI (20)
[2018.12.11-18.01.28:780][ 93]LogModuleManager: Shutting down and abandoning module AnimGraphRuntime (18)
[2018.12.11-18.01.28:780][ 93]LogModuleManager: Shutting down and abandoning module Renderer (16)
[2018.12.11-18.01.28:780][ 93]LogModuleManager: Shutting down and abandoning module Engine (14)
[2018.12.11-18.01.28:780][ 93]LogModuleManager: Shutting down and abandoning module CoreUObject (12)
[2018.12.11-18.01.28:780][ 93]LogModuleManager: Shutting down and abandoning module NetworkFile (10)
[2018.12.11-18.01.28:780][ 93]LogModuleManager: Shutting down and abandoning module CookedIterativeFile (8)
[2018.12.11-18.01.28:780][ 93]LogModuleManager: Shutting down and abandoning module StreamingFile (6)
[2018.12.11-18.01.28:780][ 93]LogModuleManager: Shutting down and abandoning module SandboxFile (4)
[2018.12.11-18.01.28:780][ 93]LogModuleManager: Shutting down and abandoning module PakFile (2)
[2018.12.11-18.01.28:785][ 93]LogExit: Exiting.
[2018.12.11-18.01.28:809][ 93]Log file closed, 12/11/18 10:01:28
