  Using 'git status' to determine working set for adaptive non-unity build (E:\Game\Unreal Projects\Semester1Project).
  Creating makefile for hot reloading DeathmatchEditor (changes to target files)
  Compiling game modules for hot reload
  Using Visual Studio 2017 14.16.27023 toolchain (C:\Program Files (x86)\Microsoft Visual Studio\2017\Community\VC\Tools\MSVC\14.16.27023) and Windows 10.0.17763.0 SDK (C:\Program Files (x86)\Windows Kits\10).
  Parsing headers for DeathmatchEditor
    Running UnrealHeaderTool "E:\Game\Unreal Projects\Semester1Project\Deathmatch\Deathmatch.uproject" "E:\Game\Unreal Projects\Semester1Project\Deathmatch\Intermediate\Build\Win64\DeathmatchEditor\Development\DeathmatchEditor.uhtmanifest" -LogCmds="loginit warning, logexit warning, logdatabase error" -Unattended -WarningsAsErrors -installed
  Reflection code generated for DeathmatchEditor in 10.1332445 seconds
  Building 9 actions with 8 processes...
    [1/9] SharedPCH.Engine.cpp
    [2/9] Deathmatch.cpp
    [3/9] Deathmatch.init.gen.cpp
    [4/9] DeathmatchGameModeBase.cpp
    [5/9] PlayerCharacter.gen.cpp
    [6/9] DeathmatchGameModeBase.gen.cpp
    [7/9] PlayerCharacter.cpp
    [8/9] UE4Editor-Deathmatch-5356.lib
       Creating library E:\Game\Unreal Projects\Semester1Project\Deathmatch\Intermediate\Build\Win64\UE4Editor\Development\Deathmatch\UE4Editor-Deathmatch-5356.lib and object E:\Game\Unreal Projects\Semester1Project\Deathmatch\Intermediate\Build\Win64\UE4Editor\Development\Deathmatch\UE4Editor-Deathmatch-5356.exp
    [9/9] UE4Editor-Deathmatch-5356.dll
       Creating library E:\Game\Unreal Projects\Semester1Project\Deathmatch\Intermediate\Build\Win64\UE4Editor\Development\Deathmatch\UE4Editor-Deathmatch-5356.suppressed.lib and object E:\Game\Unreal Projects\Semester1Project\Deathmatch\Intermediate\Build\Win64\UE4Editor\Development\Deathmatch\UE4Editor-Deathmatch-5356.suppressed.exp
  Deploying DeathmatchEditor Win64 Development...
  Total build time: 82.98 seconds (Parallel executor: 28.32 seconds)
